#
# There is insufficient memory for the Java Runtime Environment to continue.
# Native memory allocation (malloc) failed to allocate 199072 bytes. Error detail: Chunk::new
# Possible reasons:
#   The system is out of physical RAM or swap space
#   This process is running with CompressedOops enabled, and the Java Heap may be blocking the growth of the native heap
# Possible solutions:
#   Reduce memory load on the system
#   Increase physical memory or swap space
#   Check if swap backing store is full
#   Decrease Java heap size (-Xmx/-Xms)
#   Decrease number of Java threads
#   Decrease Java thread stack sizes (-Xss)
#   Set larger code cache with -XX:ReservedCodeCacheSize=
#   JVM is running with Unscaled Compressed Oops mode in which the Java heap is
#     placed in the first 4GB address space. The Java Heap base address is the
#     maximum limit for the native heap growth. Please use -XX:HeapBaseMinAddress
#     to set the Java Heap base and to place the Java Heap above 4GB virtual address.
# This output file may be truncated or incomplete.
#
#  Out of Memory Error (arena.cpp:191), pid=15472, tid=23344
#
# JRE version: OpenJDK Runtime Environment Temurin-17.0.13+11 (17.0.13+11) (build 17.0.13+11)
# Java VM: OpenJDK 64-Bit Server VM Temurin-17.0.13+11 (17.0.13+11, mixed mode, tiered, compressed oops, compressed class ptrs, parallel gc, windows-amd64)
# No core dump will be written. Minidumps are not enabled by default on client versions of Windows
#

---------------  S U M M A R Y ------------

Command Line: --add-modules=ALL-SYSTEM --add-opens=java.base/java.util=ALL-UNNAMED --add-opens=java.base/java.lang=ALL-UNNAMED --add-opens=java.base/sun.nio.fs=ALL-UNNAMED -Declipse.application=org.eclipse.jdt.ls.core.id1 -Dosgi.bundles.defaultStartLevel=4 -Declipse.product=org.eclipse.jdt.ls.core.product -Djava.import.generatesMetadataFilesAtProjectRoot=false -DDetectVMInstallationsJob.disabled=true -Dfile.encoding=utf8 -XX:+UseParallelGC -XX:GCTimeRatio=4 -XX:AdaptiveSizePolicyWeight=90 -Dsun.zip.disableMemoryMapping=true -Xmx1G -Xms100m -Xlog:disable -javaagent:c:\Users\insaa\.windsurf\extensions\redhat.java-1.37.0-win32-x64\lombok\lombok-1.18.34.jar -XX:+HeapDumpOnOutOfMemoryError -XX:HeapDumpPath=c:\Users\insaa\AppData\Roaming\Windsurf\User\workspaceStorage\d5bd91547778f80aa60d2307f0158c4d\redhat.java -Daether.dependencyCollector.impl=bf c:\Users\insaa\.windsurf\extensions\redhat.java-1.37.0-win32-x64\server\plugins\org.eclipse.equinox.launcher_1.6.900.v20240613-2009.jar -configuration c:\Users\insaa\AppData\Roaming\Windsurf\User\globalStorage\redhat.java\1.37.0\config_win -data c:\Users\insaa\AppData\Roaming\Windsurf\User\workspaceStorage\d5bd91547778f80aa60d2307f0158c4d\redhat.java\jdt_ws --pipe=\\.\pipe\lsp-3e9a74c6774e986aa5105aecb0ece718-sock

Host: AMD Ryzen 5 5600H with Radeon Graphics         , 12 cores, 7G,  Windows 11 , 64 bit Build 22621 (10.0.22621.4435)
Time: Sat Nov 30 18:00:15 2024 India Standard Time elapsed time: 1.672647 seconds (0d 0h 0m 1s)

---------------  T H R E A D  ---------------

Current thread (0x000001c4d56027e0):  JavaThread "C2 CompilerThread0" daemon [_thread_in_native, id=23344, stack(0x000000b194300000,0x000000b194400000)]


Current CompileTask:
C2:   1672 2053   !   4       java.util.jar.Attributes::read (498 bytes)

Stack: [0x000000b194300000,0x000000b194400000]
Native frames: (J=compiled Java code, j=interpreted, Vv=VM code, C=native code)
V  [jvm.dll+0x682a19]
V  [jvm.dll+0x839538]
V  [jvm.dll+0x83afe3]
V  [jvm.dll+0x83b653]
V  [jvm.dll+0x24704f]
V  [jvm.dll+0xace34]
V  [jvm.dll+0xad4cc]
V  [jvm.dll+0x36597e]
V  [jvm.dll+0x1ba40b]
V  [jvm.dll+0x2181a7]
V  [jvm.dll+0x21748f]
V  [jvm.dll+0x1a3070]
V  [jvm.dll+0x22788c]
V  [jvm.dll+0x2259eb]
V  [jvm.dll+0x7eec98]
V  [jvm.dll+0x7e8ffc]
V  [jvm.dll+0x6818f7]
C  [ucrtbase.dll+0x29333]
C  [KERNEL32.DLL+0x1259d]
C  [ntdll.dll+0x5af38]


---------------  P R O C E S S  ---------------

Threads class SMR info:
_java_thread_list=0x000001c4d7f1eae0, length=18, elements={
0x000001c4bc5f4790, 0x000001c4bc69e8f0, 0x000001c4d0471410, 0x000001c4d047ae80,
0x000001c4d047b850, 0x000001c4d047cac0, 0x000001c4d5601be0, 0x000001c4d56027e0,
0x000001c4d5608900, 0x000001c4d5611200, 0x000001c4d56ee6f0, 0x000001c4d594def0,
0x000001c4d77c3050, 0x000001c4d77be600, 0x000001c4d781d7f0, 0x000001c4d77af400,
0x000001c4d78a7370, 0x000001c4d7c9baf0
}

Java Threads: ( => current thread )
  0x000001c4bc5f4790 JavaThread "main" [_thread_blocked, id=15528, stack(0x000000b193a00000,0x000000b193b00000)]
  0x000001c4bc69e8f0 JavaThread "Reference Handler" daemon [_thread_blocked, id=12888, stack(0x000000b193d00000,0x000000b193e00000)]
  0x000001c4d0471410 JavaThread "Finalizer" daemon [_thread_blocked, id=9952, stack(0x000000b193e00000,0x000000b193f00000)]
  0x000001c4d047ae80 JavaThread "Signal Dispatcher" daemon [_thread_blocked, id=25864, stack(0x000000b193f00000,0x000000b194000000)]
  0x000001c4d047b850 JavaThread "Attach Listener" daemon [_thread_blocked, id=3728, stack(0x000000b194000000,0x000000b194100000)]
  0x000001c4d047cac0 JavaThread "Service Thread" daemon [_thread_blocked, id=25780, stack(0x000000b194100000,0x000000b194200000)]
  0x000001c4d5601be0 JavaThread "Monitor Deflation Thread" daemon [_thread_blocked, id=20804, stack(0x000000b194200000,0x000000b194300000)]
=>0x000001c4d56027e0 JavaThread "C2 CompilerThread0" daemon [_thread_in_native, id=23344, stack(0x000000b194300000,0x000000b194400000)]
  0x000001c4d5608900 JavaThread "C1 CompilerThread0" daemon [_thread_in_vm, id=26804, stack(0x000000b194400000,0x000000b194500000)]
  0x000001c4d5611200 JavaThread "Sweeper thread" daemon [_thread_blocked, id=25852, stack(0x000000b194500000,0x000000b194600000)]
  0x000001c4d56ee6f0 JavaThread "Common-Cleaner" daemon [_thread_blocked, id=17552, stack(0x000000b194600000,0x000000b194700000)]
  0x000001c4d594def0 JavaThread "Notification Thread" daemon [_thread_blocked, id=15280, stack(0x000000b194700000,0x000000b194800000)]
  0x000001c4d77c3050 JavaThread "Active Thread: Equinox Container: 4ced97a1-81f5-4cfb-ba42-d69f89d2e831" [_thread_blocked, id=23680, stack(0x000000b194e00000,0x000000b194f00000)]
  0x000001c4d77be600 JavaThread "Refresh Thread: Equinox Container: 4ced97a1-81f5-4cfb-ba42-d69f89d2e831" daemon [_thread_blocked, id=9148, stack(0x000000b194f00000,0x000000b195000000)]
  0x000001c4d781d7f0 JavaThread "Framework Event Dispatcher: Equinox Container: 4ced97a1-81f5-4cfb-ba42-d69f89d2e831" daemon [_thread_blocked, id=19916, stack(0x000000b195000000,0x000000b195100000)]
  0x000001c4d77af400 JavaThread "Start Level: Equinox Container: 4ced97a1-81f5-4cfb-ba42-d69f89d2e831" daemon [_thread_in_vm, id=25156, stack(0x000000b195100000,0x000000b195200000)]
  0x000001c4d78a7370 JavaThread "Bundle File Closer" daemon [_thread_blocked, id=7664, stack(0x000000b195400000,0x000000b195500000)]
  0x000001c4d7c9baf0 JavaThread "SCR Component Actor" daemon [_thread_blocked, id=16060, stack(0x000000b195700000,0x000000b195800000)]

Other Threads:
  0x000001c4bc677370 VMThread "VM Thread" [stack: 0x000000b193c00000,0x000000b193d00000] [id=17244]
  0x000001c4d594e3d0 WatcherThread [stack: 0x000000b194800000,0x000000b194900000] [id=27084]
  0x000001c4bc607b80 GCTaskThread "GC Thread#0" [stack: 0x000000b193b00000,0x000000b193c00000] [id=26944]
  0x000001c4d7303fb0 GCTaskThread "GC Thread#1" [stack: 0x000000b194900000,0x000000b194a00000] [id=15880]
  0x000001c4d7493440 GCTaskThread "GC Thread#2" [stack: 0x000000b194a00000,0x000000b194b00000] [id=11128]
  0x000001c4d7493700 GCTaskThread "GC Thread#3" [stack: 0x000000b194b00000,0x000000b194c00000] [id=21940]
  0x000001c4d7435810 GCTaskThread "GC Thread#4" [stack: 0x000000b194c00000,0x000000b194d00000] [id=15288]
  0x000001c4d7435ad0 GCTaskThread "GC Thread#5" [stack: 0x000000b194d00000,0x000000b194e00000] [id=18092]
  0x000001c4d700b6b0 GCTaskThread "GC Thread#6" [stack: 0x000000b195200000,0x000000b195300000] [id=20488]
  0x000001c4d77afcb0 GCTaskThread "GC Thread#7" [stack: 0x000000b195300000,0x000000b195400000] [id=22100]
  0x000001c4d7c40750 GCTaskThread "GC Thread#8" [stack: 0x000000b195500000,0x000000b195600000] [id=21548]
  0x000001c4d7c40a10 GCTaskThread "GC Thread#9" [stack: 0x000000b195600000,0x000000b195700000] [id=18684]

Threads with active compile tasks:
C2 CompilerThread0     1697 2053   !   4       java.util.jar.Attributes::read (498 bytes)
C1 CompilerThread0     1697 2094       3       org.eclipse.osgi.internal.serviceregistry.FilteredServiceListener::serviceChanged (284 bytes)

VM state: not at safepoint (normal execution)

VM Mutex/Monitor currently owned by a thread: None

Heap address: 0x00000000c0000000, size: 1024 MB, Compressed Oops mode: 32-bit

CDS archive(s) not mapped
Compressed class space mapped at: 0x0000000100000000-0x0000000140000000, reserved size: 1073741824
Narrow klass base: 0x0000000000000000, Narrow klass shift: 3, Narrow klass range: 0x140000000

GC Precious Log:
 CPUs: 12 total, 12 available
 Memory: 7581M
 Large Page Support: Disabled
 NUMA Support: Disabled
 Compressed Oops: Enabled (32-bit)
 Alignments: Space 512K, Generation 512K, Heap 2M
 Heap Min Capacity: 100M
 Heap Initial Capacity: 100M
 Heap Max Capacity: 1G
 Pre-touch: Disabled
 Parallel Workers: 10

Heap:
 PSYoungGen      total 29696K, used 8612K [0x00000000eab00000, 0x00000000ecc00000, 0x0000000100000000)
  eden space 25600K, 17% used [0x00000000eab00000,0x00000000eaf6fcd0,0x00000000ec400000)
  from space 4096K, 99% used [0x00000000ec400000,0x00000000ec7f94f8,0x00000000ec800000)
  to   space 4096K, 0% used [0x00000000ec800000,0x00000000ec800000,0x00000000ecc00000)
 ParOldGen       total 68608K, used 5469K [0x00000000c0000000, 0x00000000c4300000, 0x00000000eab00000)
  object space 68608K, 7% used [0x00000000c0000000,0x00000000c05574b0,0x00000000c4300000)
 Metaspace       used 16592K, committed 16896K, reserved 1114112K
  class space    used 1672K, committed 1792K, reserved 1048576K

Card table byte_map: [0x000001c4bbf80000,0x000001c4bc190000] _byte_map_base: 0x000001c4bb980000

Marking Bits: (ParMarkBitMap*) 0x00007ffa97c86940
 Begin Bits: [0x000001c4ce280000, 0x000001c4cf280000)
 End Bits:   [0x000001c4cf280000, 0x000001c4d0280000)

Polling page: 0x000001c4ba540000

Metaspace:

Usage:
  Non-class:     14.57 MB used.
      Class:      1.63 MB used.
       Both:     16.20 MB used.

Virtual space:
  Non-class space:       64.00 MB reserved,      14.75 MB ( 23%) committed,  1 nodes.
      Class space:        1.00 GB reserved,       1.75 MB ( <1%) committed,  1 nodes.
             Both:        1.06 GB reserved,      16.50 MB (  2%) committed. 

Chunk freelists:
   Non-Class:  544.00 KB
       Class:  14.31 MB
        Both:  14.84 MB

MaxMetaspaceSize: unlimited
CompressedClassSpaceSize: 1.00 GB
Initial GC threshold: 21.00 MB
Current GC threshold: 21.00 MB
CDS: off
MetaspaceReclaimPolicy: balanced
 - commit_granule_bytes: 65536.
 - commit_granule_words: 8192.
 - virtual_space_node_default_size: 8388608.
 - enlarge_chunks_in_place: 1.
 - new_chunks_are_fully_committed: 0.
 - uncommit_free_chunks: 1.
 - use_allocation_guard: 0.
 - handle_deallocations: 1.


Internal statistics:

num_allocs_failed_limit: 0.
num_arena_births: 110.
num_arena_deaths: 0.
num_vsnodes_births: 2.
num_vsnodes_deaths: 0.
num_space_committed: 264.
num_space_uncommitted: 0.
num_chunks_returned_to_freelist: 0.
num_chunks_taken_from_freelist: 355.
num_chunk_merges: 0.
num_chunk_splits: 237.
num_chunks_enlarged: 181.
num_inconsistent_stats: 0.

CodeHeap 'non-profiled nmethods': size=120000Kb used=878Kb max_used=878Kb free=119121Kb
 bounds [0x000001c4c6d50000, 0x000001c4c6fc0000, 0x000001c4ce280000]
CodeHeap 'profiled nmethods': size=120000Kb used=3892Kb max_used=3892Kb free=116108Kb
 bounds [0x000001c4bf280000, 0x000001c4bf650000, 0x000001c4c67b0000]
CodeHeap 'non-nmethods': size=5760Kb used=1170Kb max_used=1191Kb free=4589Kb
 bounds [0x000001c4c67b0000, 0x000001c4c6a20000, 0x000001c4c6d50000]
 total_blobs=2550 nmethods=2088 adapters=376
 compilation: enabled
              stopped_count=0, restarted_count=0
 full_count=0

Compilation events (20 events):
Event: 1.654 Thread 0x000001c4d5608900 2062       3       java.util.ArrayList::fastRemove (44 bytes)
Event: 1.655 Thread 0x000001c4d5608900 nmethod 2062 0x000001c4bf634a10 code [0x000001c4bf634bc0, 0x000001c4bf634f68]
Event: 1.655 Thread 0x000001c4d5608900 2063       3       java.lang.StringBuilder::append (8 bytes)
Event: 1.655 Thread 0x000001c4d5608900 nmethod 2063 0x000001c4bf635090 code [0x000001c4bf635220, 0x000001c4bf635368]
Event: 1.656 Thread 0x000001c4d5608900 2064       3       java.util.AbstractList::listIterator (6 bytes)
Event: 1.656 Thread 0x000001c4d5608900 nmethod 2064 0x000001c4bf635410 code [0x000001c4bf6355c0, 0x000001c4bf635788]
Event: 1.657 Thread 0x000001c4d5608900 2065       1       org.eclipse.osgi.internal.hookregistry.ClassLoaderHook::getClassPathEntries (2 bytes)
Event: 1.657 Thread 0x000001c4d5608900 nmethod 2065 0x000001c4c6e29490 code [0x000001c4c6e29620, 0x000001c4c6e296f8]
Event: 1.659 Thread 0x000001c4d5608900 2066       3       org.eclipse.osgi.container.ModuleRevision::getBundle (8 bytes)
Event: 1.659 Thread 0x000001c4d5608900 nmethod 2066 0x000001c4bf635810 code [0x000001c4bf6359c0, 0x000001c4bf635be8]
Event: 1.659 Thread 0x000001c4d5608900 2067       3       org.eclipse.osgi.container.ModuleRevisions::getBundle (8 bytes)
Event: 1.659 Thread 0x000001c4d5608900 nmethod 2067 0x000001c4bf635d10 code [0x000001c4bf635ec0, 0x000001c4bf636088]
Event: 1.660 Thread 0x000001c4d5608900 2068       1       org.eclipse.osgi.internal.weaving.WovenClassImpl::setState (6 bytes)
Event: 1.660 Thread 0x000001c4d5608900 nmethod 2068 0x000001c4c6e29790 code [0x000001c4c6e29920, 0x000001c4c6e299f8]
Event: 1.662 Thread 0x000001c4d5608900 2069       1       org.eclipse.osgi.internal.hookregistry.ClassLoaderHook::rejectTransformation (2 bytes)
Event: 1.662 Thread 0x000001c4d5608900 nmethod 2069 0x000001c4c6e29a90 code [0x000001c4c6e29c20, 0x000001c4c6e29cf8]
Event: 1.662 Thread 0x000001c4d5608900 2070   !   3       org.eclipse.osgi.internal.serviceregistry.ServiceRegistry::lookupServiceRegistrations (215 bytes)
Event: 1.664 Thread 0x000001c4d5608900 nmethod 2070 0x000001c4bf636190 code [0x000001c4bf6365c0, 0x000001c4bf638b78]
Event: 1.664 Thread 0x000001c4d5608900 2071       3       org.eclipse.osgi.internal.serviceregistry.ServiceRegistry::notifyHooksPrivileged (58 bytes)
Event: 1.665 Thread 0x000001c4d5608900 nmethod 2071 0x000001c4bf639910 code [0x000001c4bf639b20, 0x000001c4bf63a198]

GC Heap History (6 events):
Event: 0.695 GC heap before
{Heap before GC invocations=1 (full 0):
 PSYoungGen      total 29696K, used 25600K [0x00000000eab00000, 0x00000000ecc00000, 0x0000000100000000)
  eden space 25600K, 100% used [0x00000000eab00000,0x00000000ec400000,0x00000000ec400000)
  from space 4096K, 0% used [0x00000000ec800000,0x00000000ec800000,0x00000000ecc00000)
  to   space 4096K, 0% used [0x00000000ec400000,0x00000000ec400000,0x00000000ec800000)
 ParOldGen       total 68608K, used 0K [0x00000000c0000000, 0x00000000c4300000, 0x00000000eab00000)
  object space 68608K, 0% used [0x00000000c0000000,0x00000000c0000000,0x00000000c4300000)
 Metaspace       used 10942K, committed 11072K, reserved 1114112K
  class space    used 1087K, committed 1152K, reserved 1048576K
}
Event: 0.700 GC heap after
{Heap after GC invocations=1 (full 0):
 PSYoungGen      total 29696K, used 3140K [0x00000000eab00000, 0x00000000ecc00000, 0x0000000100000000)
  eden space 25600K, 0% used [0x00000000eab00000,0x00000000eab00000,0x00000000ec400000)
  from space 4096K, 76% used [0x00000000ec400000,0x00000000ec711340,0x00000000ec800000)
  to   space 4096K, 0% used [0x00000000ec800000,0x00000000ec800000,0x00000000ecc00000)
 ParOldGen       total 68608K, used 16K [0x00000000c0000000, 0x00000000c4300000, 0x00000000eab00000)
  object space 68608K, 0% used [0x00000000c0000000,0x00000000c0004000,0x00000000c4300000)
 Metaspace       used 10942K, committed 11072K, reserved 1114112K
  class space    used 1087K, committed 1152K, reserved 1048576K
}
Event: 1.150 GC heap before
{Heap before GC invocations=2 (full 0):
 PSYoungGen      total 29696K, used 28740K [0x00000000eab00000, 0x00000000ecc00000, 0x0000000100000000)
  eden space 25600K, 100% used [0x00000000eab00000,0x00000000ec400000,0x00000000ec400000)
  from space 4096K, 76% used [0x00000000ec400000,0x00000000ec711340,0x00000000ec800000)
  to   space 4096K, 0% used [0x00000000ec800000,0x00000000ec800000,0x00000000ecc00000)
 ParOldGen       total 68608K, used 16K [0x00000000c0000000, 0x00000000c4300000, 0x00000000eab00000)
  object space 68608K, 0% used [0x00000000c0000000,0x00000000c0004000,0x00000000c4300000)
 Metaspace       used 14362K, committed 14592K, reserved 1114112K
  class space    used 1436K, committed 1536K, reserved 1048576K
}
Event: 1.155 GC heap after
{Heap after GC invocations=2 (full 0):
 PSYoungGen      total 29696K, used 4093K [0x00000000eab00000, 0x00000000ecc00000, 0x0000000100000000)
  eden space 25600K, 0% used [0x00000000eab00000,0x00000000eab00000,0x00000000ec400000)
  from space 4096K, 99% used [0x00000000ec800000,0x00000000ecbff7a8,0x00000000ecc00000)
  to   space 4096K, 0% used [0x00000000ec400000,0x00000000ec400000,0x00000000ec800000)
 ParOldGen       total 68608K, used 1486K [0x00000000c0000000, 0x00000000c4300000, 0x00000000eab00000)
  object space 68608K, 2% used [0x00000000c0000000,0x00000000c0173b30,0x00000000c4300000)
 Metaspace       used 14362K, committed 14592K, reserved 1114112K
  class space    used 1436K, committed 1536K, reserved 1048576K
}
Event: 1.586 GC heap before
{Heap before GC invocations=3 (full 0):
 PSYoungGen      total 29696K, used 29693K [0x00000000eab00000, 0x00000000ecc00000, 0x0000000100000000)
  eden space 25600K, 100% used [0x00000000eab00000,0x00000000ec400000,0x00000000ec400000)
  from space 4096K, 99% used [0x00000000ec800000,0x00000000ecbff7a8,0x00000000ecc00000)
  to   space 4096K, 0% used [0x00000000ec400000,0x00000000ec400000,0x00000000ec800000)
 ParOldGen       total 68608K, used 1486K [0x00000000c0000000, 0x00000000c4300000, 0x00000000eab00000)
  object space 68608K, 2% used [0x00000000c0000000,0x00000000c0173b30,0x00000000c4300000)
 Metaspace       used 16209K, committed 16384K, reserved 1114112K
  class space    used 1636K, committed 1728K, reserved 1048576K
}
Event: 1.592 GC heap after
{Heap after GC invocations=3 (full 0):
 PSYoungGen      total 29696K, used 4069K [0x00000000eab00000, 0x00000000ecc00000, 0x0000000100000000)
  eden space 25600K, 0% used [0x00000000eab00000,0x00000000eab00000,0x00000000ec400000)
  from space 4096K, 99% used [0x00000000ec400000,0x00000000ec7f94f8,0x00000000ec800000)
  to   space 4096K, 0% used [0x00000000ec800000,0x00000000ec800000,0x00000000ecc00000)
 ParOldGen       total 68608K, used 5469K [0x00000000c0000000, 0x00000000c4300000, 0x00000000eab00000)
  object space 68608K, 7% used [0x00000000c0000000,0x00000000c05574b0,0x00000000c4300000)
 Metaspace       used 16209K, committed 16384K, reserved 1114112K
  class space    used 1636K, committed 1728K, reserved 1048576K
}

Dll operation events (9 events):
Event: 0.013 Loaded shared library c:\Users\insaa\.windsurf\extensions\redhat.java-1.37.0-win32-x64\jre\17.0.13-win32-x86_64\bin\java.dll
Event: 0.144 Loaded shared library c:\Users\insaa\.windsurf\extensions\redhat.java-1.37.0-win32-x64\jre\17.0.13-win32-x86_64\bin\zip.dll
Event: 0.149 Loaded shared library C:\Users\insaa\.windsurf\extensions\redhat.java-1.37.0-win32-x64\jre\17.0.13-win32-x86_64\bin\instrument.dll
Event: 0.163 Loaded shared library C:\Users\insaa\.windsurf\extensions\redhat.java-1.37.0-win32-x64\jre\17.0.13-win32-x86_64\bin\net.dll
Event: 0.167 Loaded shared library C:\Users\insaa\.windsurf\extensions\redhat.java-1.37.0-win32-x64\jre\17.0.13-win32-x86_64\bin\nio.dll
Event: 0.176 Loaded shared library C:\Users\insaa\.windsurf\extensions\redhat.java-1.37.0-win32-x64\jre\17.0.13-win32-x86_64\bin\zip.dll
Event: 0.196 Loaded shared library C:\Users\insaa\.windsurf\extensions\redhat.java-1.37.0-win32-x64\jre\17.0.13-win32-x86_64\bin\jimage.dll
Event: 0.285 Loaded shared library c:\Users\insaa\.windsurf\extensions\redhat.java-1.37.0-win32-x64\jre\17.0.13-win32-x86_64\bin\verify.dll
Event: 1.124 Loaded shared library C:\Users\insaa\AppData\Roaming\Windsurf\User\globalStorage\redhat.java\1.37.0\config_win\org.eclipse.equinox.launcher\org.eclipse.equinox.launcher.win32.win32.x86_64_1.2.1100.v20240722-2106\eclipse_11904.dll

Deoptimization events (20 events):
Event: 1.431 Thread 0x000001c4d77af400 DEOPT PACKING pc=0x000001c4c6dcd9e0 sp=0x000000b1951fdb90
Event: 1.431 Thread 0x000001c4d77af400 DEOPT UNPACKING pc=0x000001c4c68066a3 sp=0x000000b1951fdb60 mode 2
Event: 1.466 Thread 0x000001c4d77af400 Uncommon trap: trap_request=0xffffff45 fr.pc=0x000001c4c6d6d790 relative=0x0000000000000110
Event: 1.466 Thread 0x000001c4d77af400 Uncommon trap: reason=unstable_if action=reinterpret pc=0x000001c4c6d6d790 method=java.lang.StringCoding.hasNegatives([BII)Z @ 12 c2
Event: 1.466 Thread 0x000001c4d77af400 DEOPT PACKING pc=0x000001c4c6d6d790 sp=0x000000b1951fd050
Event: 1.466 Thread 0x000001c4d77af400 DEOPT UNPACKING pc=0x000001c4c68066a3 sp=0x000000b1951fcfe0 mode 2
Event: 1.476 Thread 0x000001c4d77af400 DEOPT PACKING pc=0x000001c4bf5ffd4a sp=0x000000b1951fd050
Event: 1.476 Thread 0x000001c4d77af400 DEOPT UNPACKING pc=0x000001c4c6806e43 sp=0x000000b1951fc4d8 mode 0
Event: 1.489 Thread 0x000001c4d77af400 DEOPT PACKING pc=0x000001c4bf5ffd4a sp=0x000000b1951fd050
Event: 1.489 Thread 0x000001c4d77af400 DEOPT UNPACKING pc=0x000001c4c6806e43 sp=0x000000b1951fc4d8 mode 0
Event: 1.494 Thread 0x000001c4d77af400 DEOPT PACKING pc=0x000001c4bf5ffd4a sp=0x000000b1951fd050
Event: 1.494 Thread 0x000001c4d77af400 DEOPT UNPACKING pc=0x000001c4c6806e43 sp=0x000000b1951fc4d8 mode 0
Event: 1.502 Thread 0x000001c4d77af400 DEOPT PACKING pc=0x000001c4bf5ffd4a sp=0x000000b1951fd050
Event: 1.502 Thread 0x000001c4d77af400 DEOPT UNPACKING pc=0x000001c4c6806e43 sp=0x000000b1951fc4d8 mode 0
Event: 1.517 Thread 0x000001c4d77af400 Uncommon trap: trap_request=0xffffff45 fr.pc=0x000001c4c6dd9004 relative=0x0000000000000164
Event: 1.517 Thread 0x000001c4d77af400 Uncommon trap: reason=unstable_if action=reinterpret pc=0x000001c4c6dd9004 method=java.lang.String.startsWith(Ljava/lang/String;I)Z @ 50 c2
Event: 1.517 Thread 0x000001c4d77af400 DEOPT PACKING pc=0x000001c4c6dd9004 sp=0x000000b1951fdfa0
Event: 1.517 Thread 0x000001c4d77af400 DEOPT UNPACKING pc=0x000001c4c68066a3 sp=0x000000b1951fdea8 mode 2
Event: 1.519 Thread 0x000001c4d77af400 DEOPT PACKING pc=0x000001c4bf5ffd4a sp=0x000000b1951fda40
Event: 1.519 Thread 0x000001c4d77af400 DEOPT UNPACKING pc=0x000001c4c6806e43 sp=0x000000b1951fcec8 mode 0

Classes loaded (20 events):
Event: 1.251 Loading class java/util/function/IntConsumer
Event: 1.251 Loading class java/util/function/IntConsumer done
Event: 1.251 Loading class java/util/stream/Sink$OfInt done
Event: 1.251 Loading class java/util/stream/FindOps$FindSink$OfInt done
Event: 1.251 Loading class java/util/OptionalInt
Event: 1.251 Loading class java/util/OptionalInt done
Event: 1.252 Loading class java/util/stream/IntPipeline$10$1
Event: 1.252 Loading class java/util/stream/Sink$ChainedInt
Event: 1.252 Loading class java/util/stream/Sink$ChainedInt done
Event: 1.252 Loading class java/util/stream/IntPipeline$10$1 done
Event: 1.252 Loading class java/lang/StringUTF16$CharsSpliterator
Event: 1.253 Loading class java/lang/StringUTF16$CharsSpliterator done
Event: 1.253 Loading class java/lang/CharacterData00
Event: 1.253 Loading class java/lang/CharacterData00 done
Event: 1.254 Loading class java/time/LocalTime$1
Event: 1.254 Loading class java/time/LocalTime$1 done
Event: 1.254 Loading class java/util/Formattable
Event: 1.254 Loading class java/util/Formattable done
Event: 1.660 Loading class java/lang/IllegalAccessError
Event: 1.660 Loading class java/lang/IllegalAccessError done

Classes unloaded (0 events):
No events

Classes redefined (0 events):
No events

Internal exceptions (20 events):
Event: 0.525 Thread 0x000001c4bc5f4790 Exception <a 'java/io/FileNotFoundException'{0x00000000eb8de1d0}> (0x00000000eb8de1d0) 
thrown [s\src\hotspot\share\prims\jni.cpp, line 516]
Event: 0.636 Thread 0x000001c4bc5f4790 Exception <a 'java/lang/ClassNotFoundException'{0x00000000ec11ee38}: sun/net/www/protocol/c/Handler> (0x00000000ec11ee38) 
thrown [s\src\hotspot\share\classfile\systemDictionary.cpp, line 256]
Event: 0.637 Thread 0x000001c4bc5f4790 Exception <a 'java/lang/ClassNotFoundException'{0x00000000ec120288}: sun/net/www/protocol/c/Handler> (0x00000000ec120288) 
thrown [s\src\hotspot\share\classfile\systemDictionary.cpp, line 256]
Event: 0.637 Thread 0x000001c4bc5f4790 Exception <a 'java/lang/ClassNotFoundException'{0x00000000ec1215b8}: sun/net/www/protocol/c/Handler> (0x00000000ec1215b8) 
thrown [s\src\hotspot\share\classfile\systemDictionary.cpp, line 256]
Event: 0.643 Thread 0x000001c4bc5f4790 Exception <a 'java/io/FileNotFoundException'{0x00000000ec149498}> (0x00000000ec149498) 
thrown [s\src\hotspot\share\prims\jni.cpp, line 516]
Event: 0.706 Thread 0x000001c4bc5f4790 Exception <a 'java/lang/NoSuchMethodError'{0x00000000eab29d38}: 'int java.lang.invoke.DirectMethodHandle$Holder.invokeStaticInit(java.lang.Object, java.lang.Object, java.lang.Object, java.lang.Object)'> (0x00000000eab29d38) 
thrown [s\src\hotspot\share\interpreter\linkResolver.cpp, line 759]
Event: 0.707 Thread 0x000001c4bc5f4790 Exception <a 'java/lang/NoSuchMethodError'{0x00000000eab344a0}: 'java.lang.Object java.lang.invoke.DirectMethodHandle$Holder.invokeInterface(java.lang.Object, java.lang.Object)'> (0x00000000eab344a0) 
thrown [s\src\hotspot\share\interpreter\linkResolver.cpp, line 759]
Event: 0.707 Thread 0x000001c4bc5f4790 Exception <a 'java/lang/IncompatibleClassChangeError'{0x00000000eab37c98}: Found class java.lang.Object, but interface was expected> (0x00000000eab37c98) 
thrown [s\src\hotspot\share\interpreter\linkResolver.cpp, line 826]
Event: 0.708 Thread 0x000001c4bc5f4790 Exception <a 'java/lang/NoSuchMethodError'{0x00000000eab3c178}: 'void java.lang.invoke.DirectMethodHandle$Holder.invokeStatic(java.lang.Object, java.lang.Object)'> (0x00000000eab3c178) 
thrown [s\src\hotspot\share\interpreter\linkResolver.cpp, line 759]
Event: 0.708 Thread 0x000001c4bc5f4790 Exception <a 'java/lang/NoSuchMethodError'{0x00000000eab3f978}: 'void java.lang.invoke.DirectMethodHandle$Holder.invokeStaticInit(java.lang.Object, java.lang.Object)'> (0x00000000eab3f978) 
thrown [s\src\hotspot\share\interpreter\linkResolver.cpp, line 759]
Event: 0.709 Thread 0x000001c4bc5f4790 Exception <a 'java/lang/NoSuchMethodError'{0x00000000eab470b8}: 'int java.lang.invoke.DirectMethodHandle$Holder.invokeStaticInit(java.lang.Object, java.lang.Object)'> (0x00000000eab470b8) 
thrown [s\src\hotspot\share\interpreter\linkResolver.cpp, line 759]
Event: 0.777 Thread 0x000001c4bc5f4790 Exception <a 'java/lang/NoSuchMethodError'{0x00000000eacd46a8}: 'void java.lang.invoke.DirectMethodHandle$Holder.invokeSpecial(java.lang.Object, java.lang.Object, java.lang.Object)'> (0x00000000eacd46a8) 
thrown [s\src\hotspot\share\interpreter\linkResolver.cpp, line 759]
Event: 0.994 Thread 0x000001c4bc5f4790 Exception <a 'java/lang/NoSuchMethodError'{0x00000000ebb1b940}: 'java.lang.Object java.lang.invoke.DirectMethodHandle$Holder.newInvokeSpecial(java.lang.Object, int, java.lang.Object)'> (0x00000000ebb1b940) 
thrown [s\src\hotspot\share\interpreter\linkResolver.cpp, line 759]
Event: 1.119 Thread 0x000001c4bc5f4790 Exception <a 'java/lang/UnsatisfiedLinkError'{0x00000000ec0fb038}: 'void org.eclipse.equinox.launcher.JNIBridge._update_splash()'> (0x00000000ec0fb038) 
thrown [s\src\hotspot\share\prims\nativeLookup.cpp, line 543]
Event: 1.126 Thread 0x000001c4d77be600 Exception <a 'java/lang/NoSuchMethodError'{0x00000000ec1c38c8}: 'java.lang.Object java.lang.invoke.Invokers$Holder.invokeExact_MT(java.lang.Object, java.lang.Object, java.lang.Object, java.lang.Object, java.lang.Object, java.lang.Object)'> (0x00000000ec1c38c8) 
thrown [s\src\hotspot\share\interpreter\linkResolver.cpp, line 759]
Event: 1.127 Thread 0x000001c4d77be600 Exception <a 'java/lang/NoSuchMethodError'{0x00000000ec1d77e0}: 'int java.lang.invoke.DirectMethodHandle$Holder.invokeSpecial(java.lang.Object, java.lang.Object, java.lang.Object)'> (0x00000000ec1d77e0) 
thrown [s\src\hotspot\share\interpreter\linkResolver.cpp, line 759]
Event: 1.187 Thread 0x000001c4d77af400 Exception <a 'java/lang/NoSuchMethodError'{0x00000000ead8a4d0}: 'java.lang.Object java.lang.invoke.DirectMethodHandle$Holder.invokeStaticInit(java.lang.Object)'> (0x00000000ead8a4d0) 
thrown [s\src\hotspot\share\interpreter\linkResolver.cpp, line 759]
Event: 1.201 Thread 0x000001c4d77af400 Exception <a 'java/lang/NoSuchMethodError'{0x00000000eae7de98}: 'java.lang.Object java.lang.invoke.DirectMethodHandle$Holder.newInvokeSpecial(java.lang.Object, java.lang.Object, int, java.lang.Object)'> (0x00000000eae7de98) 
thrown [s\src\hotspot\share\interpreter\linkResolver.cpp, line 759]
Event: 1.202 Thread 0x000001c4d77af400 Exception <a 'java/lang/NoSuchMethodError'{0x00000000eae82180}: 'java.lang.Object java.lang.invoke.DirectMethodHandle$Holder.invokeSpecial(java.lang.Object, java.lang.Object, java.lang.Object, int, java.lang.Object)'> (0x00000000eae82180) 
thrown [s\src\hotspot\share\interpreter\linkResolver.cpp, line 759]
Event: 1.231 Thread 0x000001c4d77af400 Exception <a 'java/lang/ClassNotFoundException'{0x00000000eb124868}: sun/util/logging/resources/spi/loggingProvider> (0x00000000eb124868) 
thrown [s\src\hotspot\share\classfile\systemDictionary.cpp, line 256]

VM Operations (20 events):
Event: 0.978 Executing VM operation: HandshakeAllThreads
Event: 0.978 Executing VM operation: HandshakeAllThreads done
Event: 0.982 Executing VM operation: HandshakeAllThreads
Event: 0.982 Executing VM operation: HandshakeAllThreads done
Event: 0.990 Executing VM operation: HandshakeAllThreads
Event: 0.990 Executing VM operation: HandshakeAllThreads done
Event: 1.150 Executing VM operation: ParallelGCFailedAllocation
Event: 1.155 Executing VM operation: ParallelGCFailedAllocation done
Event: 1.180 Executing VM operation: HandshakeAllThreads
Event: 1.180 Executing VM operation: HandshakeAllThreads done
Event: 1.219 Executing VM operation: HandshakeAllThreads
Event: 1.219 Executing VM operation: HandshakeAllThreads done
Event: 1.241 Executing VM operation: HandshakeAllThreads
Event: 1.241 Executing VM operation: HandshakeAllThreads done
Event: 1.253 Executing VM operation: HandshakeAllThreads
Event: 1.253 Executing VM operation: HandshakeAllThreads done
Event: 1.264 Executing VM operation: HandshakeAllThreads
Event: 1.264 Executing VM operation: HandshakeAllThreads done
Event: 1.585 Executing VM operation: ParallelGCFailedAllocation
Event: 1.592 Executing VM operation: ParallelGCFailedAllocation done

Memory protections (0 events):
No events

Nmethod flushes (0 events):
No events

Events (17 events):
Event: 0.034 Thread 0x000001c4bc5f4790 Thread added: 0x000001c4bc5f4790
Event: 0.042 Thread 0x000001c4bc5f4790 Thread added: 0x000001c4bc69e8f0
Event: 0.043 Thread 0x000001c4bc5f4790 Thread added: 0x000001c4d0471410
Event: 0.060 Thread 0x000001c4bc5f4790 Thread added: 0x000001c4d047ae80
Event: 0.060 Thread 0x000001c4bc5f4790 Thread added: 0x000001c4d047b850
Event: 0.060 Thread 0x000001c4bc5f4790 Thread added: 0x000001c4d047cac0
Event: 0.061 Thread 0x000001c4bc5f4790 Thread added: 0x000001c4d5601be0
Event: 0.061 Thread 0x000001c4bc5f4790 Thread added: 0x000001c4d56027e0
Event: 0.061 Thread 0x000001c4bc5f4790 Thread added: 0x000001c4d5608900
Event: 0.061 Thread 0x000001c4bc5f4790 Thread added: 0x000001c4d5611200
Event: 0.111 Thread 0x000001c4bc5f4790 Thread added: 0x000001c4d56ee6f0
Event: 0.399 Thread 0x000001c4bc5f4790 Thread added: 0x000001c4d594def0
Event: 0.972 Thread 0x000001c4bc5f4790 Thread added: 0x000001c4d77c3050
Event: 1.118 Thread 0x000001c4bc5f4790 Thread added: 0x000001c4d77be600
Event: 1.140 Thread 0x000001c4d77be600 Thread added: 0x000001c4d781d7f0
Event: 1.142 Thread 0x000001c4bc5f4790 Thread added: 0x000001c4d77af400
Event: 1.429 Thread 0x000001c4d77af400 Thread added: 0x000001c4d78a7370


Dynamic libraries:
0x00007ff6a0b70000 - 0x00007ff6a0b7e000 	c:\Users\insaa\.windsurf\extensions\redhat.java-1.37.0-win32-x64\jre\17.0.13-win32-x86_64\bin\java.exe
0x00007ffb32730000 - 0x00007ffb32947000 	C:\Windows\SYSTEM32\ntdll.dll
0x00007ffb30c40000 - 0x00007ffb30d04000 	C:\Windows\System32\KERNEL32.DLL
0x00007ffb2fc10000 - 0x00007ffb2ffcc000 	C:\Windows\System32\KERNELBASE.dll
0x00007ffb301e0000 - 0x00007ffb302f1000 	C:\Windows\System32\ucrtbase.dll
0x00007ffb1b2a0000 - 0x00007ffb1b2b7000 	c:\Users\insaa\.windsurf\extensions\redhat.java-1.37.0-win32-x64\jre\17.0.13-win32-x86_64\bin\jli.dll
0x00007ffb31400000 - 0x00007ffb315ae000 	C:\Windows\System32\USER32.dll
0x00007ffb30300000 - 0x00007ffb30326000 	C:\Windows\System32\win32u.dll
0x00007ffb31610000 - 0x00007ffb31639000 	C:\Windows\System32\GDI32.dll
0x00007ffb30330000 - 0x00007ffb3044b000 	C:\Windows\System32\gdi32full.dll
0x00007ffb30050000 - 0x00007ffb300ea000 	C:\Windows\System32\msvcp_win.dll
0x00007ffb17590000 - 0x00007ffb175ae000 	c:\Users\insaa\.windsurf\extensions\redhat.java-1.37.0-win32-x64\jre\17.0.13-win32-x86_64\bin\VCRUNTIME140.dll
0x00007ffb185e0000 - 0x00007ffb18872000 	C:\Windows\WinSxS\amd64_microsoft.windows.common-controls_6595b64144ccf1df_6.0.22621.4435_none_270f767f73860d61\COMCTL32.dll
0x00007ffb30dc0000 - 0x00007ffb30e67000 	C:\Windows\System32\msvcrt.dll
0x00007ffb315d0000 - 0x00007ffb31601000 	C:\Windows\System32\IMM32.DLL
0x00007ffb2bc40000 - 0x00007ffb2bc4c000 	c:\Users\insaa\.windsurf\extensions\redhat.java-1.37.0-win32-x64\jre\17.0.13-win32-x86_64\bin\vcruntime140_1.dll
0x00007ffab6450000 - 0x00007ffab64dd000 	c:\Users\insaa\.windsurf\extensions\redhat.java-1.37.0-win32-x64\jre\17.0.13-win32-x86_64\bin\msvcp140.dll
0x00007ffa970e0000 - 0x00007ffa97d4b000 	c:\Users\insaa\.windsurf\extensions\redhat.java-1.37.0-win32-x64\jre\17.0.13-win32-x86_64\bin\server\jvm.dll
0x00007ffb325b0000 - 0x00007ffb32662000 	C:\Windows\System32\ADVAPI32.dll
0x00007ffb30d10000 - 0x00007ffb30db7000 	C:\Windows\System32\sechost.dll
0x00007ffb300f0000 - 0x00007ffb30118000 	C:\Windows\System32\bcrypt.dll
0x00007ffb30ff0000 - 0x00007ffb31104000 	C:\Windows\System32\RPCRT4.dll
0x00007ffb30f70000 - 0x00007ffb30fe1000 	C:\Windows\System32\WS2_32.dll
0x00007ffb2f900000 - 0x00007ffb2f94d000 	C:\Windows\SYSTEM32\POWRPROF.dll
0x00007ffb2a240000 - 0x00007ffb2a274000 	C:\Windows\SYSTEM32\WINMM.dll
0x00007ffb2a990000 - 0x00007ffb2a99a000 	C:\Windows\SYSTEM32\VERSION.dll
0x00007ffb2f8d0000 - 0x00007ffb2f8e3000 	C:\Windows\SYSTEM32\UMPDC.dll
0x00007ffb2ea20000 - 0x00007ffb2ea38000 	C:\Windows\SYSTEM32\kernel.appcore.dll
0x00007ffb2acc0000 - 0x00007ffb2acca000 	c:\Users\insaa\.windsurf\extensions\redhat.java-1.37.0-win32-x64\jre\17.0.13-win32-x86_64\bin\jimage.dll
0x00007ffb2d2e0000 - 0x00007ffb2d512000 	C:\Windows\SYSTEM32\DBGHELP.DLL
0x00007ffb31640000 - 0x00007ffb319cf000 	C:\Windows\System32\combase.dll
0x00007ffb31280000 - 0x00007ffb31357000 	C:\Windows\System32\OLEAUT32.dll
0x00007ffb1e740000 - 0x00007ffb1e772000 	C:\Windows\SYSTEM32\dbgcore.DLL
0x00007ffb2ffd0000 - 0x00007ffb3004b000 	C:\Windows\System32\bcryptPrimitives.dll
0x00007ffb29550000 - 0x00007ffb2955e000 	c:\Users\insaa\.windsurf\extensions\redhat.java-1.37.0-win32-x64\jre\17.0.13-win32-x86_64\bin\instrument.dll
0x00007ffb07ed0000 - 0x00007ffb07ef5000 	c:\Users\insaa\.windsurf\extensions\redhat.java-1.37.0-win32-x64\jre\17.0.13-win32-x86_64\bin\java.dll
0x00007ffb0a390000 - 0x00007ffb0a3a8000 	c:\Users\insaa\.windsurf\extensions\redhat.java-1.37.0-win32-x64\jre\17.0.13-win32-x86_64\bin\zip.dll
0x00007ffb31cc0000 - 0x00007ffb3253d000 	C:\Windows\System32\SHELL32.dll
0x00007ffb2d910000 - 0x00007ffb2e21e000 	C:\Windows\SYSTEM32\windows.storage.dll
0x00007ffb2d7d0000 - 0x00007ffb2d90f000 	C:\Windows\SYSTEM32\wintypes.dll
0x00007ffb319d0000 - 0x00007ffb31aca000 	C:\Windows\System32\SHCORE.dll
0x00007ffb32690000 - 0x00007ffb326ee000 	C:\Windows\System32\shlwapi.dll
0x00007ffb2f950000 - 0x00007ffb2f97b000 	C:\Windows\SYSTEM32\profapi.dll
0x00007ffb08b10000 - 0x00007ffb08b29000 	C:\Users\insaa\.windsurf\extensions\redhat.java-1.37.0-win32-x64\jre\17.0.13-win32-x86_64\bin\net.dll
0x00007ffb2acf0000 - 0x00007ffb2ae26000 	C:\Windows\SYSTEM32\WINHTTP.dll
0x00007ffb2ee90000 - 0x00007ffb2eef9000 	C:\Windows\system32\mswsock.dll
0x00007ffb02500000 - 0x00007ffb02516000 	C:\Users\insaa\.windsurf\extensions\redhat.java-1.37.0-win32-x64\jre\17.0.13-win32-x86_64\bin\nio.dll
0x00007ffb1e8f0000 - 0x00007ffb1e900000 	c:\Users\insaa\.windsurf\extensions\redhat.java-1.37.0-win32-x64\jre\17.0.13-win32-x86_64\bin\verify.dll
0x00007ffacb310000 - 0x00007ffacb355000 	C:\Users\insaa\AppData\Roaming\Windsurf\User\globalStorage\redhat.java\1.37.0\config_win\org.eclipse.equinox.launcher\org.eclipse.equinox.launcher.win32.win32.x86_64_1.2.1100.v20240722-2106\eclipse_11904.dll
0x00007ffb31ad0000 - 0x00007ffb31c70000 	C:\Windows\System32\ole32.dll

dbghelp: loaded successfully - version: 4.0.5 - missing functions: none
symbol engine: initialized successfully - sym options: 0x614 - pdb path: .;c:\Users\insaa\.windsurf\extensions\redhat.java-1.37.0-win32-x64\jre\17.0.13-win32-x86_64\bin;C:\Windows\SYSTEM32;C:\Windows\WinSxS\amd64_microsoft.windows.common-controls_6595b64144ccf1df_6.0.22621.4435_none_270f767f73860d61;c:\Users\insaa\.windsurf\extensions\redhat.java-1.37.0-win32-x64\jre\17.0.13-win32-x86_64\bin\server;C:\Users\insaa\AppData\Roaming\Windsurf\User\globalStorage\redhat.java\1.37.0\config_win\org.eclipse.equinox.launcher\org.eclipse.equinox.launcher.win32.win32.x86_64_1.2.1100.v20240722-2106

VM Arguments:
jvm_args: --add-modules=ALL-SYSTEM --add-opens=java.base/java.util=ALL-UNNAMED --add-opens=java.base/java.lang=ALL-UNNAMED --add-opens=java.base/sun.nio.fs=ALL-UNNAMED -Declipse.application=org.eclipse.jdt.ls.core.id1 -Dosgi.bundles.defaultStartLevel=4 -Declipse.product=org.eclipse.jdt.ls.core.product -Djava.import.generatesMetadataFilesAtProjectRoot=false -DDetectVMInstallationsJob.disabled=true -Dfile.encoding=utf8 -XX:+UseParallelGC -XX:GCTimeRatio=4 -XX:AdaptiveSizePolicyWeight=90 -Dsun.zip.disableMemoryMapping=true -Xmx1G -Xms100m -Xlog:disable -javaagent:c:\Users\insaa\.windsurf\extensions\redhat.java-1.37.0-win32-x64\lombok\lombok-1.18.34.jar -XX:+HeapDumpOnOutOfMemoryError -XX:HeapDumpPath=c:\Users\insaa\AppData\Roaming\Windsurf\User\workspaceStorage\d5bd91547778f80aa60d2307f0158c4d\redhat.java -Daether.dependencyCollector.impl=bf 
java_command: c:\Users\insaa\.windsurf\extensions\redhat.java-1.37.0-win32-x64\server\plugins\org.eclipse.equinox.launcher_1.6.900.v20240613-2009.jar -configuration c:\Users\insaa\AppData\Roaming\Windsurf\User\globalStorage\redhat.java\1.37.0\config_win -data c:\Users\insaa\AppData\Roaming\Windsurf\User\workspaceStorage\d5bd91547778f80aa60d2307f0158c4d\redhat.java\jdt_ws --pipe=\\.\pipe\lsp-3e9a74c6774e986aa5105aecb0ece718-sock
java_class_path (initial): c:\Users\insaa\.windsurf\extensions\redhat.java-1.37.0-win32-x64\server\plugins\org.eclipse.equinox.launcher_1.6.900.v20240613-2009.jar
Launcher Type: SUN_STANDARD

[Global flags]
    uintx AdaptiveSizePolicyWeight                 = 90                                        {product} {command line}
     intx CICompilerCount                          = 4                                         {product} {ergonomic}
    uintx GCTimeRatio                              = 4                                         {product} {command line}
     bool HeapDumpOnOutOfMemoryError               = true                                   {manageable} {command line}
    ccstr HeapDumpPath                             = c:\Users\insaa\AppData\Roaming\Windsurf\User\workspaceStorage\d5bd91547778f80aa60d2307f0158c4d\redhat.java         {manageable} {command line}
   size_t InitialHeapSize                          = 104857600                                 {product} {command line}
   size_t MaxHeapSize                              = 1073741824                                {product} {command line}
   size_t MaxNewSize                               = 357564416                                 {product} {ergonomic}
   size_t MinHeapDeltaBytes                        = 524288                                    {product} {ergonomic}
   size_t MinHeapSize                              = 104857600                                 {product} {command line}
   size_t NewSize                                  = 34603008                                  {product} {ergonomic}
    uintx NonNMethodCodeHeapSize                   = 5839372                                {pd product} {ergonomic}
    uintx NonProfiledCodeHeapSize                  = 122909434                              {pd product} {ergonomic}
   size_t OldSize                                  = 70254592                                  {product} {ergonomic}
    uintx ProfiledCodeHeapSize                     = 122909434                              {pd product} {ergonomic}
    uintx ReservedCodeCacheSize                    = 251658240                              {pd product} {ergonomic}
     bool SegmentedCodeCache                       = true                                      {product} {ergonomic}
   size_t SoftMaxHeapSize                          = 1073741824                             {manageable} {ergonomic}
     bool UseCompressedClassPointers               = true                           {product lp64_product} {ergonomic}
     bool UseCompressedOops                        = true                           {product lp64_product} {ergonomic}
     bool UseLargePagesIndividualAllocation        = false                                  {pd product} {ergonomic}
     bool UseParallelGC                            = true                                      {product} {command line}

Logging:
Log output configuration:
 #0: stdout all=off uptime,level,tags
 #1: stderr all=off uptime,level,tags

Environment Variables:
JAVA_HOME=C:\Program Files\Java\jdk-17
PATH=C:\Program Files\Common Files\Oracle\Java\javapath;C:\oraclexe\app\oracle\product\11.2.0\server\bin;C:\Windows\system32;C:\Windows;C:\Windows\System32\Wbem;C:\Windows\System32\WindowsPowerShell\v1.0\;C:\Windows\System32\OpenSSH\;C:\Program Files (x86)\NVIDIA Corporation\PhysX\Common;C:\Program Files\NVIDIA Corporation\NVIDIA NvDLISR;C:\MinGW\bin;C:\msys64\ucrt64\bin;C:\Program Files\Git\cmd;C:\Users\insaa\AppData\Local\Programs\Python\Python313\Scripts\;C:\Users\insaa\AppData\Local\Programs\Python\Python313\;C:\Users\insaa\AppData\Local\Programs\Python\Python312\Scripts\;C:\Users\insaa\AppData\Local\Programs\Python\Python312\;C:\Users\insaa\AppData\Local\Programs\Python\Launcher\;C:\Users\insaa\AppData\Local\Microsoft\WindowsApps;C:\Users\insaa\AppData\Local\Programs\Microsoft VS Code\bin;C:\msys64\mingw64\bin;C:\Program Files\JetBrains\IntelliJ IDEA Community Edition 2020.2.1\bin;;C:\msys64\ucrt64\bin;C:\Program Files\Java\jdk-14.0.2\bin;C:\Users\insaa\AppData\Local\Programs\Windsurf\bin
USERNAME=insaa
OS=Windows_NT
PROCESSOR_IDENTIFIER=AMD64 Family 25 Model 80 Stepping 0, AuthenticAMD
TMP=C:\Users\insaa\AppData\Local\Temp
TEMP=C:\Users\insaa\AppData\Local\Temp



Periodic native trim disabled


---------------  S Y S T E M  ---------------

OS:
 Windows 11 , 64 bit Build 22621 (10.0.22621.4435)
OS uptime: 1 days 11:23 hours
Hyper-V role detected

CPU: total 12 (initial active 12) (12 cores per cpu, 2 threads per core) family 25 model 80 stepping 0 microcode 0x0, cx8, cmov, fxsr, ht, mmx, 3dnowpref, sse, sse2, sse3, ssse3, sse4a, sse4.1, sse4.2, popcnt, lzcnt, tsc, tscinvbit, avx, avx2, aes, erms, clmul, bmi1, bmi2, adx, sha, fma, vzeroupper, clflush, clflushopt, hv
Processor Information for all 12 processors :
  Max Mhz: 3301, Current Mhz: 3301, Mhz Limit: 3301

Memory: 4k page, system-wide physical 7581M (129M free)
TotalPageFile size 31133M (AvailPageFile size 2M)
current process WorkingSet (physical memory assigned to process): 106M, peak: 106M
current process commit charge ("private bytes"): 222M, peak: 222M

vm_info: OpenJDK 64-Bit Server VM (17.0.13+11) for windows-amd64 JRE (17.0.13+11), built on Oct 16 2024 00:10:08 by "admin" with MS VC++ 17.7 (VS2022)

END.
