#
# There is insufficient memory for the Java Runtime Environment to continue.
# Native memory allocation (malloc) failed to allocate 765296 bytes. Error detail: Chunk::new
# Possible reasons:
#   The system is out of physical RAM or swap space
#   This process is running with CompressedOops enabled, and the Java Heap may be blocking the growth of the native heap
# Possible solutions:
#   Reduce memory load on the system
#   Increase physical memory or swap space
#   Check if swap backing store is full
#   Decrease Java heap size (-Xmx/-Xms)
#   Decrease number of Java threads
#   Decrease Java thread stack sizes (-Xss)
#   Set larger code cache with -XX:ReservedCodeCacheSize=
#   JVM is running with Unscaled Compressed Oops mode in which the Java heap is
#     placed in the first 4GB address space. The Java Heap base address is the
#     maximum limit for the native heap growth. Please use -XX:HeapBaseMinAddress
#     to set the Java Heap base and to place the Java Heap above 4GB virtual address.
# This output file may be truncated or incomplete.
#
#  Out of Memory Error (arena.cpp:191), pid=4200, tid=10144
#
# JRE version: OpenJDK Runtime Environment Temurin-17.0.13+11 (17.0.13+11) (build 17.0.13+11)
# Java VM: OpenJDK 64-Bit Server VM Temurin-17.0.13+11 (17.0.13+11, mixed mode, tiered, compressed oops, compressed class ptrs, parallel gc, windows-amd64)
# No core dump will be written. Minidumps are not enabled by default on client versions of Windows
#

---------------  S U M M A R Y ------------

Command Line: --add-modules=ALL-SYSTEM --add-opens=java.base/java.util=ALL-UNNAMED --add-opens=java.base/java.lang=ALL-UNNAMED --add-opens=java.base/sun.nio.fs=ALL-UNNAMED -Declipse.application=org.eclipse.jdt.ls.core.id1 -Dosgi.bundles.defaultStartLevel=4 -Declipse.product=org.eclipse.jdt.ls.core.product -Djava.import.generatesMetadataFilesAtProjectRoot=false -DDetectVMInstallationsJob.disabled=true -Dfile.encoding=utf8 -XX:+UseParallelGC -XX:GCTimeRatio=4 -XX:AdaptiveSizePolicyWeight=90 -Dsun.zip.disableMemoryMapping=true -Xmx1G -Xms100m -Xlog:disable -javaagent:c:\Users\insaa\.windsurf\extensions\redhat.java-1.37.0-win32-x64\lombok\lombok-1.18.34.jar c:\Users\insaa\.windsurf\extensions\redhat.java-1.37.0-win32-x64\server\plugins\org.eclipse.equinox.launcher_1.6.900.v20240613-2009.jar -configuration c:\Users\insaa\AppData\Roaming\Windsurf\User\globalStorage\redhat.java\1.37.0\config_ss_win -data c:\Users\insaa\AppData\Roaming\Windsurf\User\workspaceStorage\d5bd91547778f80aa60d2307f0158c4d\redhat.java\ss_ws --pipe=\\.\pipe\lsp-479de87e45153f83ce77280a0296905b-sock

Host: AMD Ryzen 5 5600H with Radeon Graphics         , 12 cores, 7G,  Windows 11 , 64 bit Build 22621 (10.0.22621.4435)
Time: Sat Nov 30 18:00:15 2024 India Standard Time elapsed time: 1.849626 seconds (0d 0h 0m 1s)

---------------  T H R E A D  ---------------

Current thread (0x000001b73fa3f7f0):  JavaThread "C2 CompilerThread0" daemon [_thread_in_native, id=10144, stack(0x0000003b9d700000,0x0000003b9d800000)]


Current CompileTask:
C2:   1852 2111       4       org.eclipse.core.internal.dtree.DataTreeReader::readNode (248 bytes)

Stack: [0x0000003b9d700000,0x0000003b9d800000]
Native frames: (J=compiled Java code, j=interpreted, Vv=VM code, C=native code)
V  [jvm.dll+0x682a19]
V  [jvm.dll+0x839538]
V  [jvm.dll+0x83afe3]
V  [jvm.dll+0x83b653]
V  [jvm.dll+0x24704f]
V  [jvm.dll+0xace34]
V  [jvm.dll+0xad4cc]
V  [jvm.dll+0x36592f]
V  [jvm.dll+0x32fbd8]
V  [jvm.dll+0x32f05a]
V  [jvm.dll+0x21804f]
V  [jvm.dll+0x21748f]
V  [jvm.dll+0x1a3070]
V  [jvm.dll+0x22788c]
V  [jvm.dll+0x2259eb]
V  [jvm.dll+0x7eec98]
V  [jvm.dll+0x7e8ffc]
V  [jvm.dll+0x6818f7]
C  [ucrtbase.dll+0x29333]
C  [KERNEL32.DLL+0x1259d]
C  [ntdll.dll+0x5af38]


---------------  P R O C E S S  ---------------

Threads class SMR info:
_java_thread_list=0x000001b741e3dd80, length=18, elements={
0x000001b726acdc90, 0x000001b73a955010, 0x000001b73a9596d0, 0x000001b73a95bfb0,
0x000001b73a95ce30, 0x000001b73a95dfb0, 0x000001b73a95ead0, 0x000001b73fa3f7f0,
0x000001b73fa98280, 0x000001b73fab4f30, 0x000001b726b2e690, 0x000001b73fd86540,
0x000001b741860730, 0x000001b741cd8520, 0x000001b74185b340, 0x000001b741854f40,
0x000001b741caa050, 0x000001b741cca4a0
}

Java Threads: ( => current thread )
  0x000001b726acdc90 JavaThread "main" [_thread_blocked, id=23288, stack(0x0000003b9ce00000,0x0000003b9cf00000)]
  0x000001b73a955010 JavaThread "Reference Handler" daemon [_thread_blocked, id=15152, stack(0x0000003b9d100000,0x0000003b9d200000)]
  0x000001b73a9596d0 JavaThread "Finalizer" daemon [_thread_blocked, id=23188, stack(0x0000003b9d200000,0x0000003b9d300000)]
  0x000001b73a95bfb0 JavaThread "Signal Dispatcher" daemon [_thread_blocked, id=27096, stack(0x0000003b9d300000,0x0000003b9d400000)]
  0x000001b73a95ce30 JavaThread "Attach Listener" daemon [_thread_blocked, id=26504, stack(0x0000003b9d400000,0x0000003b9d500000)]
  0x000001b73a95dfb0 JavaThread "Service Thread" daemon [_thread_blocked, id=15164, stack(0x0000003b9d500000,0x0000003b9d600000)]
  0x000001b73a95ead0 JavaThread "Monitor Deflation Thread" daemon [_thread_blocked, id=1288, stack(0x0000003b9d600000,0x0000003b9d700000)]
=>0x000001b73fa3f7f0 JavaThread "C2 CompilerThread0" daemon [_thread_in_native, id=10144, stack(0x0000003b9d700000,0x0000003b9d800000)]
  0x000001b73fa98280 JavaThread "C1 CompilerThread0" daemon [_thread_blocked, id=9588, stack(0x0000003b9d800000,0x0000003b9d900000)]
  0x000001b73fab4f30 JavaThread "Sweeper thread" daemon [_thread_blocked, id=24440, stack(0x0000003b9d900000,0x0000003b9da00000)]
  0x000001b726b2e690 JavaThread "Common-Cleaner" daemon [_thread_blocked, id=24100, stack(0x0000003b9da00000,0x0000003b9db00000)]
  0x000001b73fd86540 JavaThread "Notification Thread" daemon [_thread_blocked, id=9632, stack(0x0000003b9db00000,0x0000003b9dc00000)]
  0x000001b741860730 JavaThread "Active Thread: Equinox Container: f583b7bb-0ac1-44a0-af5b-8cceb4dc4f4d" [_thread_blocked, id=25824, stack(0x0000003b9e200000,0x0000003b9e300000)]
  0x000001b741cd8520 JavaThread "Framework Event Dispatcher: Equinox Container: f583b7bb-0ac1-44a0-af5b-8cceb4dc4f4d" daemon [_thread_blocked, id=11368, stack(0x0000003b9e300000,0x0000003b9e400000)]
  0x000001b74185b340 JavaThread "Start Level: Equinox Container: f583b7bb-0ac1-44a0-af5b-8cceb4dc4f4d" daemon [_thread_blocked, id=21792, stack(0x0000003b9e400000,0x0000003b9e500000)]
  0x000001b741854f40 JavaThread "SCR Component Actor" daemon [_thread_blocked, id=17048, stack(0x0000003b9e500000,0x0000003b9e600000)]
  0x000001b741caa050 JavaThread "SCR Component Registry" daemon [_thread_blocked, id=21116, stack(0x0000003b9e800000,0x0000003b9e900000)]
  0x000001b741cca4a0 JavaThread "Worker-JM" [_thread_blocked, id=14352, stack(0x0000003b9e900000,0x0000003b9ea00000)]

Other Threads:
  0x000001b726b7eaf0 VMThread "VM Thread" [stack: 0x0000003b9d000000,0x0000003b9d100000] [id=14808]
  0x000001b73fd86c70 WatcherThread [stack: 0x0000003b9dc00000,0x0000003b9dd00000] [id=17772]
  0x000001b726ae1850 GCTaskThread "GC Thread#0" [stack: 0x0000003b9cf00000,0x0000003b9d000000] [id=5820]
  0x000001b741968590 GCTaskThread "GC Thread#1" [stack: 0x0000003b9dd00000,0x0000003b9de00000] [id=20428]
  0x000001b741968850 GCTaskThread "GC Thread#2" [stack: 0x0000003b9de00000,0x0000003b9df00000] [id=26208]
  0x000001b741c646b0 GCTaskThread "GC Thread#3" [stack: 0x0000003b9df00000,0x0000003b9e000000] [id=5404]
  0x000001b741c64970 GCTaskThread "GC Thread#4" [stack: 0x0000003b9e000000,0x0000003b9e100000] [id=10920]
  0x000001b741c64c30 GCTaskThread "GC Thread#5" [stack: 0x0000003b9e100000,0x0000003b9e200000] [id=2476]
  0x000001b741733770 GCTaskThread "GC Thread#6" [stack: 0x0000003b9e600000,0x0000003b9e700000] [id=7108]
  0x000001b7418c57e0 GCTaskThread "GC Thread#7" [stack: 0x0000003b9e700000,0x0000003b9e800000] [id=15480]
  0x000001b741d3edb0 GCTaskThread "GC Thread#8" [stack: 0x0000003b9ea00000,0x0000003b9eb00000] [id=7188]
  0x000001b741d83200 GCTaskThread "GC Thread#9" [stack: 0x0000003b9eb00000,0x0000003b9ec00000] [id=6912]

Threads with active compile tasks:
C2 CompilerThread0     1916 2111       4       org.eclipse.core.internal.dtree.DataTreeReader::readNode (248 bytes)

VM state: at safepoint (normal execution)

VM Mutex/Monitor currently owned by a thread:  ([mutex/lock_event])
[0x000001b726ac9810] Threads_lock - owner thread: 0x000001b726b7eaf0
[0x000001b726acaaa0] Heap_lock - owner thread: 0x000001b74185b340

Heap address: 0x00000000c0000000, size: 1024 MB, Compressed Oops mode: 32-bit

CDS archive(s) not mapped
Compressed class space mapped at: 0x0000000100000000-0x0000000140000000, reserved size: 1073741824
Narrow klass base: 0x0000000000000000, Narrow klass shift: 3, Narrow klass range: 0x140000000

GC Precious Log:
 CPUs: 12 total, 12 available
 Memory: 7581M
 Large Page Support: Disabled
 NUMA Support: Disabled
 Compressed Oops: Enabled (32-bit)
 Alignments: Space 512K, Generation 512K, Heap 2M
 Heap Min Capacity: 100M
 Heap Initial Capacity: 100M
 Heap Max Capacity: 1G
 Pre-touch: Disabled
 Parallel Workers: 10

Heap:
 PSYoungGen      total 29696K, used 4064K [0x00000000eab00000, 0x00000000ecc00000, 0x0000000100000000)
  eden space 25600K, 0% used [0x00000000eab00000,0x00000000eab00000,0x00000000ec400000)
  from space 4096K, 99% used [0x00000000ec800000,0x00000000ecbf8118,0x00000000ecc00000)
  to   space 4096K, 0% used [0x00000000ec400000,0x00000000ec400000,0x00000000ec800000)
 ParOldGen       total 68608K, used 5921K [0x00000000c0000000, 0x00000000c4300000, 0x00000000eab00000)
  object space 68608K, 8% used [0x00000000c0000000,0x00000000c05c85e0,0x00000000c4300000)
 Metaspace       used 21114K, committed 21504K, reserved 1114112K
  class space    used 2150K, committed 2304K, reserved 1048576K

Card table byte_map: [0x000001b726490000,0x000001b7266a0000] _byte_map_base: 0x000001b725e90000

Marking Bits: (ParMarkBitMap*) 0x00007ffa97c86940
 Begin Bits: [0x000001b738760000, 0x000001b739760000)
 End Bits:   [0x000001b739760000, 0x000001b73a760000)

Polling page: 0x000001b726280000

Metaspace:

Usage:
  Non-class:     18.52 MB used.
      Class:      2.10 MB used.
       Both:     20.62 MB used.

Virtual space:
  Non-class space:       64.00 MB reserved,      18.75 MB ( 29%) committed,  1 nodes.
      Class space:        1.00 GB reserved,       2.25 MB ( <1%) committed,  1 nodes.
             Both:        1.06 GB reserved,      21.00 MB (  2%) committed. 

Chunk freelists:
   Non-Class:  12.75 MB
       Class:  13.77 MB
        Both:  26.52 MB

MaxMetaspaceSize: unlimited
CompressedClassSpaceSize: 1.00 GB
Initial GC threshold: 21.00 MB
Current GC threshold: 21.00 MB
CDS: off
MetaspaceReclaimPolicy: balanced
 - commit_granule_bytes: 65536.
 - commit_granule_words: 8192.
 - virtual_space_node_default_size: 8388608.
 - enlarge_chunks_in_place: 1.
 - new_chunks_are_fully_committed: 0.
 - uncommit_free_chunks: 1.
 - use_allocation_guard: 0.
 - handle_deallocations: 1.


Internal statistics:

num_allocs_failed_limit: 3.
num_arena_births: 240.
num_arena_deaths: 0.
num_vsnodes_births: 2.
num_vsnodes_deaths: 0.
num_space_committed: 336.
num_space_uncommitted: 0.
num_chunks_returned_to_freelist: 3.
num_chunks_taken_from_freelist: 729.
num_chunk_merges: 3.
num_chunk_splits: 467.
num_chunks_enlarged: 331.
num_inconsistent_stats: 0.

CodeHeap 'non-profiled nmethods': size=120000Kb used=831Kb max_used=831Kb free=119168Kb
 bounds [0x000001b731230000, 0x000001b7314a0000, 0x000001b738760000]
CodeHeap 'profiled nmethods': size=120000Kb used=4067Kb max_used=4067Kb free=115932Kb
 bounds [0x000001b729760000, 0x000001b729b60000, 0x000001b730c90000]
CodeHeap 'non-nmethods': size=5760Kb used=1186Kb max_used=1200Kb free=4573Kb
 bounds [0x000001b730c90000, 0x000001b730f00000, 0x000001b731230000]
 total_blobs=2639 nmethods=2148 adapters=405
 compilation: enabled
              stopped_count=0, restarted_count=0
 full_count=0

Compilation events (20 events):
Event: 1.812 Thread 0x000001b73fa98280 2118       2       java.lang.invoke.AbstractValidatingLambdaMetafactory::isAdaptableTo (126 bytes)
Event: 1.812 Thread 0x000001b73fa98280 nmethod 2118 0x000001b729b3ed90 code [0x000001b729b3efc0, 0x000001b729b3f468]
Event: 1.812 Thread 0x000001b73fa98280 2119       2       java.lang.invoke.TypeConvertingMethodAdapter::cast (42 bytes)
Event: 1.813 Thread 0x000001b73fa98280 nmethod 2119 0x000001b729b3f810 code [0x000001b729b3f9e0, 0x000001b729b3fbe8]
Event: 1.813 Thread 0x000001b73fa98280 2121       2       java.lang.invoke.DirectMethodHandle::preparedLambdaForm (31 bytes)
Event: 1.813 Thread 0x000001b73fa98280 nmethod 2121 0x000001b729b3fd90 code [0x000001b729b3ff60, 0x000001b729b40188]
Event: 1.826 Thread 0x000001b73fa98280 2122       2       java.util.HashMap::entrySet (27 bytes)
Event: 1.826 Thread 0x000001b73fa98280 nmethod 2122 0x000001b729b40390 code [0x000001b729b40520, 0x000001b729b406d8]
Event: 1.826 Thread 0x000001b73fa98280 2123       2       java.util.HashMap$EntrySet::iterator (12 bytes)
Event: 1.826 Thread 0x000001b73fa98280 nmethod 2123 0x000001b729b40790 code [0x000001b729b40920, 0x000001b729b40ac8]
Event: 1.835 Thread 0x000001b73fa98280 2124       3       java.io.DataInputStream::readUTF (501 bytes)
Event: 1.836 Thread 0x000001b73fa98280 nmethod 2124 0x000001b729b40b90 code [0x000001b729b40fe0, 0x000001b729b42ec8]
Event: 1.836 Thread 0x000001b73fa98280 2125       1       org.eclipse.core.internal.resources.MarkerInfo::getId (5 bytes)
Event: 1.836 Thread 0x000001b73fa98280 nmethod 2125 0x000001b7312fe610 code [0x000001b7312fe7a0, 0x000001b7312fe878]
Event: 1.838 Thread 0x000001b73fa98280 2126       2       org.eclipse.osgi.storage.Storage::getConfiguration (8 bytes)
Event: 1.838 Thread 0x000001b73fa98280 nmethod 2126 0x000001b729b43a90 code [0x000001b729b43c20, 0x000001b729b43d38]
Event: 1.842 Thread 0x000001b73fa98280 2128       3       java.io.DataInputStream::readUnsignedShort (38 bytes)
Event: 1.842 Thread 0x000001b73fa98280 nmethod 2128 0x000001b729b43e10 code [0x000001b729b43fe0, 0x000001b729b44348]
Event: 1.842 Thread 0x000001b73fa98280 2129       2       org.eclipse.core.internal.registry.ConfigurationElementHandle::getConfigurationElement (18 bytes)
Event: 1.842 Thread 0x000001b73fa98280 nmethod 2129 0x000001b729b44490 code [0x000001b729b44640, 0x000001b729b448a8]

GC Heap History (6 events):
Event: 0.895 GC heap before
{Heap before GC invocations=1 (full 0):
 PSYoungGen      total 29696K, used 25600K [0x00000000eab00000, 0x00000000ecc00000, 0x0000000100000000)
  eden space 25600K, 100% used [0x00000000eab00000,0x00000000ec400000,0x00000000ec400000)
  from space 4096K, 0% used [0x00000000ec800000,0x00000000ec800000,0x00000000ecc00000)
  to   space 4096K, 0% used [0x00000000ec400000,0x00000000ec400000,0x00000000ec800000)
 ParOldGen       total 68608K, used 0K [0x00000000c0000000, 0x00000000c4300000, 0x00000000eab00000)
  object space 68608K, 0% used [0x00000000c0000000,0x00000000c0000000,0x00000000c4300000)
 Metaspace       used 10946K, committed 11072K, reserved 1114112K
  class space    used 1086K, committed 1152K, reserved 1048576K
}
Event: 0.900 GC heap after
{Heap after GC invocations=1 (full 0):
 PSYoungGen      total 29696K, used 3156K [0x00000000eab00000, 0x00000000ecc00000, 0x0000000100000000)
  eden space 25600K, 0% used [0x00000000eab00000,0x00000000eab00000,0x00000000ec400000)
  from space 4096K, 77% used [0x00000000ec400000,0x00000000ec715330,0x00000000ec800000)
  to   space 4096K, 0% used [0x00000000ec800000,0x00000000ec800000,0x00000000ecc00000)
 ParOldGen       total 68608K, used 16K [0x00000000c0000000, 0x00000000c4300000, 0x00000000eab00000)
  object space 68608K, 0% used [0x00000000c0000000,0x00000000c0004000,0x00000000c4300000)
 Metaspace       used 10946K, committed 11072K, reserved 1114112K
  class space    used 1086K, committed 1152K, reserved 1048576K
}
Event: 1.341 GC heap before
{Heap before GC invocations=2 (full 0):
 PSYoungGen      total 29696K, used 28756K [0x00000000eab00000, 0x00000000ecc00000, 0x0000000100000000)
  eden space 25600K, 100% used [0x00000000eab00000,0x00000000ec400000,0x00000000ec400000)
  from space 4096K, 77% used [0x00000000ec400000,0x00000000ec715330,0x00000000ec800000)
  to   space 4096K, 0% used [0x00000000ec800000,0x00000000ec800000,0x00000000ecc00000)
 ParOldGen       total 68608K, used 16K [0x00000000c0000000, 0x00000000c4300000, 0x00000000eab00000)
  object space 68608K, 0% used [0x00000000c0000000,0x00000000c0004000,0x00000000c4300000)
 Metaspace       used 14695K, committed 14912K, reserved 1114112K
  class space    used 1489K, committed 1600K, reserved 1048576K
}
Event: 1.345 GC heap after
{Heap after GC invocations=2 (full 0):
 PSYoungGen      total 29696K, used 4077K [0x00000000eab00000, 0x00000000ecc00000, 0x0000000100000000)
  eden space 25600K, 0% used [0x00000000eab00000,0x00000000eab00000,0x00000000ec400000)
  from space 4096K, 99% used [0x00000000ec800000,0x00000000ecbfb7b8,0x00000000ecc00000)
  to   space 4096K, 0% used [0x00000000ec400000,0x00000000ec400000,0x00000000ec800000)
 ParOldGen       total 68608K, used 834K [0x00000000c0000000, 0x00000000c4300000, 0x00000000eab00000)
  object space 68608K, 1% used [0x00000000c0000000,0x00000000c00d0830,0x00000000c4300000)
 Metaspace       used 14695K, committed 14912K, reserved 1114112K
  class space    used 1489K, committed 1600K, reserved 1048576K
}
Event: 1.719 GC heap before
{Heap before GC invocations=3 (full 0):
 PSYoungGen      total 29696K, used 29677K [0x00000000eab00000, 0x00000000ecc00000, 0x0000000100000000)
  eden space 25600K, 100% used [0x00000000eab00000,0x00000000ec400000,0x00000000ec400000)
  from space 4096K, 99% used [0x00000000ec800000,0x00000000ecbfb7b8,0x00000000ecc00000)
  to   space 4096K, 0% used [0x00000000ec400000,0x00000000ec400000,0x00000000ec800000)
 ParOldGen       total 68608K, used 834K [0x00000000c0000000, 0x00000000c4300000, 0x00000000eab00000)
  object space 68608K, 1% used [0x00000000c0000000,0x00000000c00d0830,0x00000000c4300000)
 Metaspace       used 19740K, committed 20160K, reserved 1114112K
  class space    used 2018K, committed 2176K, reserved 1048576K
}
Event: 1.723 GC heap after
{Heap after GC invocations=3 (full 0):
 PSYoungGen      total 29696K, used 4069K [0x00000000eab00000, 0x00000000ecc00000, 0x0000000100000000)
  eden space 25600K, 0% used [0x00000000eab00000,0x00000000eab00000,0x00000000ec400000)
  from space 4096K, 99% used [0x00000000ec400000,0x00000000ec7f9700,0x00000000ec800000)
  to   space 4096K, 0% used [0x00000000ec800000,0x00000000ec800000,0x00000000ecc00000)
 ParOldGen       total 68608K, used 2607K [0x00000000c0000000, 0x00000000c4300000, 0x00000000eab00000)
  object space 68608K, 3% used [0x00000000c0000000,0x00000000c028be88,0x00000000c4300000)
 Metaspace       used 19740K, committed 20160K, reserved 1114112K
  class space    used 2018K, committed 2176K, reserved 1048576K
}

Dll operation events (9 events):
Event: 0.034 Loaded shared library c:\Users\insaa\.windsurf\extensions\redhat.java-1.37.0-win32-x64\jre\17.0.13-win32-x86_64\bin\java.dll
Event: 0.259 Loaded shared library c:\Users\insaa\.windsurf\extensions\redhat.java-1.37.0-win32-x64\jre\17.0.13-win32-x86_64\bin\zip.dll
Event: 0.265 Loaded shared library C:\Users\insaa\.windsurf\extensions\redhat.java-1.37.0-win32-x64\jre\17.0.13-win32-x86_64\bin\instrument.dll
Event: 0.281 Loaded shared library C:\Users\insaa\.windsurf\extensions\redhat.java-1.37.0-win32-x64\jre\17.0.13-win32-x86_64\bin\net.dll
Event: 0.284 Loaded shared library C:\Users\insaa\.windsurf\extensions\redhat.java-1.37.0-win32-x64\jre\17.0.13-win32-x86_64\bin\nio.dll
Event: 0.292 Loaded shared library C:\Users\insaa\.windsurf\extensions\redhat.java-1.37.0-win32-x64\jre\17.0.13-win32-x86_64\bin\zip.dll
Event: 0.311 Loaded shared library C:\Users\insaa\.windsurf\extensions\redhat.java-1.37.0-win32-x64\jre\17.0.13-win32-x86_64\bin\jimage.dll
Event: 0.395 Loaded shared library c:\Users\insaa\.windsurf\extensions\redhat.java-1.37.0-win32-x64\jre\17.0.13-win32-x86_64\bin\verify.dll
Event: 1.269 Loaded shared library C:\Users\insaa\AppData\Roaming\Windsurf\User\globalStorage\redhat.java\1.37.0\config_ss_win\org.eclipse.equinox.launcher\org.eclipse.equinox.launcher.win32.win32.x86_64_1.2.1100.v20240722-2106\eclipse_11904.dll

Deoptimization events (20 events):
Event: 1.784 Thread 0x000001b74185b340 Uncommon trap: trap_request=0xffffffc6 fr.pc=0x000001b7312db10c relative=0x0000000000001cec
Event: 1.784 Thread 0x000001b74185b340 Uncommon trap: reason=bimorphic_or_optimized_type_check action=maybe_recompile pc=0x000001b7312db10c method=java.io.DataInputStream.readUnsignedShort()I @ 6 c2
Event: 1.784 Thread 0x000001b74185b340 DEOPT PACKING pc=0x000001b7312db10c sp=0x0000003b9e4f97f0
Event: 1.784 Thread 0x000001b74185b340 DEOPT UNPACKING pc=0x000001b730ce66a3 sp=0x0000003b9e4f9770 mode 2
Event: 1.784 Thread 0x000001b74185b340 Uncommon trap: trap_request=0xffffffc6 fr.pc=0x000001b7312db10c relative=0x0000000000001cec
Event: 1.784 Thread 0x000001b74185b340 Uncommon trap: reason=bimorphic_or_optimized_type_check action=maybe_recompile pc=0x000001b7312db10c method=java.io.DataInputStream.readUnsignedShort()I @ 6 c2
Event: 1.784 Thread 0x000001b74185b340 DEOPT PACKING pc=0x000001b7312db10c sp=0x0000003b9e4f97f0
Event: 1.784 Thread 0x000001b74185b340 DEOPT UNPACKING pc=0x000001b730ce66a3 sp=0x0000003b9e4f9770 mode 2
Event: 1.784 Thread 0x000001b74185b340 Uncommon trap: trap_request=0xffffffc6 fr.pc=0x000001b7312e3f74 relative=0x0000000000000694
Event: 1.784 Thread 0x000001b74185b340 Uncommon trap: reason=bimorphic_or_optimized_type_check action=maybe_recompile pc=0x000001b7312e3f74 method=java.io.DataInputStream.readUnsignedShort()I @ 6 c2
Event: 1.784 Thread 0x000001b74185b340 DEOPT PACKING pc=0x000001b7312e3f74 sp=0x0000003b9e4f97a0
Event: 1.784 Thread 0x000001b74185b340 DEOPT UNPACKING pc=0x000001b730ce66a3 sp=0x0000003b9e4f9768 mode 2
Event: 1.826 Thread 0x000001b74185b340 Uncommon trap: trap_request=0xffffff45 fr.pc=0x000001b7312fc110 relative=0x0000000000000a90
Event: 1.826 Thread 0x000001b74185b340 Uncommon trap: reason=unstable_if action=reinterpret pc=0x000001b7312fc110 method=java.io.DataInputStream.readUnsignedShort()I @ 18 c2
Event: 1.826 Thread 0x000001b74185b340 DEOPT PACKING pc=0x000001b7312fc110 sp=0x0000003b9e4f97b0
Event: 1.826 Thread 0x000001b74185b340 DEOPT UNPACKING pc=0x000001b730ce66a3 sp=0x0000003b9e4f96e0 mode 2
Event: 1.836 Thread 0x000001b74185b340 Uncommon trap: trap_request=0xffffff45 fr.pc=0x000001b7312fb334 relative=0x0000000000000094
Event: 1.836 Thread 0x000001b74185b340 Uncommon trap: reason=unstable_if action=reinterpret pc=0x000001b7312fb334 method=java.io.DataInputStream.readUnsignedShort()I @ 18 c2
Event: 1.836 Thread 0x000001b74185b340 DEOPT PACKING pc=0x000001b7312fb334 sp=0x0000003b9e4f9710
Event: 1.836 Thread 0x000001b74185b340 DEOPT UNPACKING pc=0x000001b730ce66a3 sp=0x0000003b9e4f9690 mode 2

Classes loaded (20 events):
Event: 1.707 Loading class java/util/function/IntFunction
Event: 1.707 Loading class java/util/function/IntFunction done
Event: 1.730 Loading class java/util/stream/SortedOps
Event: 1.731 Loading class java/util/stream/SortedOps done
Event: 1.731 Loading class java/util/stream/SortedOps$OfRef
Event: 1.731 Loading class java/util/stream/ReferencePipeline$StatefulOp
Event: 1.731 Loading class java/util/stream/ReferencePipeline$StatefulOp done
Event: 1.731 Loading class java/util/stream/SortedOps$OfRef done
Event: 1.731 Loading class java/util/stream/SortedOps$RefSortingSink
Event: 1.731 Loading class java/util/stream/SortedOps$AbstractRefSortingSink
Event: 1.731 Loading class java/util/stream/SortedOps$AbstractRefSortingSink done
Event: 1.731 Loading class java/util/stream/SortedOps$RefSortingSink done
Event: 1.751 Loading class java/util/zip/ZipOutputStream
Event: 1.751 Loading class java/util/zip/DeflaterOutputStream
Event: 1.751 Loading class java/util/zip/DeflaterOutputStream done
Event: 1.751 Loading class java/util/zip/ZipOutputStream done
Event: 1.751 Loading class java/util/concurrent/ExecutionException
Event: 1.751 Loading class java/util/concurrent/ExecutionException done
Event: 1.813 Loading class java/io/FilenameFilter
Event: 1.813 Loading class java/io/FilenameFilter done

Classes unloaded (0 events):
No events

Classes redefined (0 events):
No events

Internal exceptions (20 events):
Event: 1.303 Thread 0x000001b74185b340 Exception <a 'java/lang/NoSuchMethodError'{0x00000000ec203ef8}: 'java.lang.Object java.lang.invoke.DirectMethodHandle$Holder.invokeStaticInit(java.lang.Object)'> (0x00000000ec203ef8) 
thrown [s\src\hotspot\share\interpreter\linkResolver.cpp, line 759]
Event: 1.328 Thread 0x000001b74185b340 Exception <a 'java/lang/NullPointerException'{0x00000000ec346158}> (0x00000000ec346158) 
thrown [s\src\hotspot\share\interpreter\linkResolver.cpp, line 1350]
Event: 1.328 Thread 0x000001b74185b340 Exception <a 'java/lang/NullPointerException'{0x00000000ec346430}> (0x00000000ec346430) 
thrown [s\src\hotspot\share\interpreter\linkResolver.cpp, line 1350]
Event: 1.480 Thread 0x000001b74185b340 Exception <a 'java/io/FileNotFoundException'{0x00000000eb5f2fd8}> (0x00000000eb5f2fd8) 
thrown [s\src\hotspot\share\prims\jni.cpp, line 516]
Event: 1.509 Thread 0x000001b74185b340 Exception <a 'java/lang/NoSuchMethodError'{0x00000000eb78e5c8}: 'java.lang.Object java.lang.invoke.Invokers$Holder.invokeExact_MT(java.lang.Object, java.lang.Object, java.lang.Object, java.lang.Object, java.lang.Object, java.lang.Object)'> (0x00000000eb78e5c8) 
thrown [s\src\hotspot\share\interpreter\linkResolver.cpp, line 759]
Event: 1.535 Thread 0x000001b74185b340 Exception <a 'java/lang/NoSuchMethodError'{0x00000000eb8b2b38}: 'java.lang.Object java.lang.invoke.Invokers$Holder.linkToTargetMethod(java.lang.Object, long, java.lang.Object)'> (0x00000000eb8b2b38) 
thrown [s\src\hotspot\share\interpreter\linkResolver.cpp, line 759]
Event: 1.583 Thread 0x000001b74185b340 Exception <a 'java/lang/NoSuchMethodError'{0x00000000ebc5b0f8}: 'void java.lang.invoke.DirectMethodHandle$Holder.invokeInterface(java.lang.Object, java.lang.Object, java.lang.Object)'> (0x00000000ebc5b0f8) 
thrown [s\src\hotspot\share\interpreter\linkResolver.cpp, line 759]
Event: 1.623 Thread 0x000001b74185b340 Exception <a 'java/lang/NoSuchMethodError'{0x00000000ebfa1568}: 'void java.lang.invoke.DirectMethodHandle$Holder.invokeVirtual(java.lang.Object, java.lang.Object)'> (0x00000000ebfa1568) 
thrown [s\src\hotspot\share\interpreter\linkResolver.cpp, line 759]
Event: 1.640 Thread 0x000001b74185b340 Exception <a 'java/lang/NoSuchMethodError'{0x00000000ec0b6fd0}: 'java.lang.Object java.lang.invoke.DirectMethodHandle$Holder.invokeStatic(java.lang.Object, java.lang.Object, int)'> (0x00000000ec0b6fd0) 
thrown [s\src\hotspot\share\interpreter\linkResolver.cpp, line 759]
Event: 1.641 Thread 0x000001b74185b340 Exception <a 'java/lang/NoSuchMethodError'{0x00000000ec0bbb80}: 'void java.lang.invoke.DirectMethodHandle$Holder.invokeStatic(java.lang.Object, java.lang.Object, int, java.lang.Object)'> (0x00000000ec0bbb80) 
thrown [s\src\hotspot\share\interpreter\linkResolver.cpp, line 759]
Event: 1.641 Thread 0x000001b74185b340 Exception <a 'java/lang/NoSuchMethodError'{0x00000000ec0c32b0}: 'void java.lang.invoke.DelegatingMethodHandle$Holder.delegate(java.lang.Object, java.lang.Object, int, java.lang.Object)'> (0x00000000ec0c32b0) 
thrown [s\src\hotspot\share\interpreter\linkResolver.cpp, line 759]
Event: 1.642 Thread 0x000001b74185b340 Exception <a 'java/lang/NoSuchMethodError'{0x00000000ec0c7698}: 'int java.lang.invoke.DirectMethodHandle$Holder.invokeSpecial(java.lang.Object, java.lang.Object, java.lang.Object)'> (0x00000000ec0c7698) 
thrown [s\src\hotspot\share\interpreter\linkResolver.cpp, line 759]
Event: 1.643 Thread 0x000001b74185b340 Exception <a 'java/lang/NoSuchMethodError'{0x00000000ec0d9498}: 'int java.lang.invoke.DirectMethodHandle$Holder.invokeStatic(java.lang.Object, java.lang.Object, int)'> (0x00000000ec0d9498) 
thrown [s\src\hotspot\share\interpreter\linkResolver.cpp, line 759]
Event: 1.643 Thread 0x000001b74185b340 Exception <a 'java/lang/NoSuchMethodError'{0x00000000ec0dd4c0}: 'int java.lang.invoke.DirectMethodHandle$Holder.invokeSpecial(java.lang.Object, java.lang.Object, java.lang.Object, int)'> (0x00000000ec0dd4c0) 
thrown [s\src\hotspot\share\interpreter\linkResolver.cpp, line 759]
Event: 1.644 Thread 0x000001b74185b340 Exception <a 'java/lang/NoSuchMethodError'{0x00000000ec0f9bf0}: 'java.lang.Object java.lang.invoke.DirectMethodHandle$Holder.invokeStatic(java.lang.Object, java.lang.Object, java.lang.Object, java.lang.Object, int)'> (0x00000000ec0f9bf0) 
thrown [s\src\hotspot\share\interpreter\linkResolver.cpp, line 759]
Event: 1.645 Thread 0x000001b74185b340 Exception <a 'java/lang/NoSuchMethodError'{0x00000000ec105be8}: 'java.lang.Object java.lang.invoke.DelegatingMethodHandle$Holder.reinvoke_L(java.lang.Object, java.lang.Object, java.lang.Object, java.lang.Object, int, int)'> (0x00000000ec105be8) 
thrown [s\src\hotspot\share\interpreter\linkResolver.cpp, line 759]
Event: 1.646 Thread 0x000001b74185b340 Exception <a 'java/lang/NoSuchMethodError'{0x00000000ec11a728}: 'java.lang.Object java.lang.invoke.Invokers$Holder.invokeExact_MT(java.lang.Object, java.lang.Object, java.lang.Object, java.lang.Object)'> (0x00000000ec11a728) 
thrown [s\src\hotspot\share\interpreter\linkResolver.cpp, line 759]
Event: 1.710 Thread 0x000001b74185b340 Exception <a 'java/io/FileNotFoundException'{0x00000000ec398468}> (0x00000000ec398468) 
thrown [s\src\hotspot\share\prims\jni.cpp, line 516]
Event: 1.711 Thread 0x000001b74185b340 Exception <a 'java/io/FileNotFoundException'{0x00000000ec39f998}> (0x00000000ec39f998) 
thrown [s\src\hotspot\share\prims\jni.cpp, line 516]
Event: 1.812 Thread 0x000001b74185b340 Exception <a 'java/lang/NoSuchMethodError'{0x00000000eb1ebc70}: 'java.lang.Object java.lang.invoke.DirectMethodHandle$Holder.newInvokeSpecial(java.lang.Object, java.lang.Object, java.lang.Object, java.lang.Object, java.lang.Object)'> (0x00000000eb1ebc70) 
thrown [s\src\hotspot\share\interpreter\linkResolver.cpp, line 759]

VM Operations (20 events):
Event: 0.895 Executing VM operation: ParallelGCFailedAllocation
Event: 0.900 Executing VM operation: ParallelGCFailedAllocation done
Event: 1.139 Executing VM operation: HandshakeAllThreads
Event: 1.139 Executing VM operation: HandshakeAllThreads done
Event: 1.139 Executing VM operation: HandshakeAllThreads
Event: 1.139 Executing VM operation: HandshakeAllThreads done
Event: 1.144 Executing VM operation: HandshakeAllThreads
Event: 1.144 Executing VM operation: HandshakeAllThreads done
Event: 1.155 Executing VM operation: HandshakeAllThreads
Event: 1.155 Executing VM operation: HandshakeAllThreads done
Event: 1.326 Executing VM operation: HandshakeAllThreads
Event: 1.326 Executing VM operation: HandshakeAllThreads done
Event: 1.340 Executing VM operation: ParallelGCFailedAllocation
Event: 1.345 Executing VM operation: ParallelGCFailedAllocation done
Event: 1.563 Executing VM operation: HandshakeAllThreads
Event: 1.563 Executing VM operation: HandshakeAllThreads done
Event: 1.640 Executing VM operation: HandshakeAllThreads
Event: 1.640 Executing VM operation: HandshakeAllThreads done
Event: 1.719 Executing VM operation: ParallelGCFailedAllocation
Event: 1.723 Executing VM operation: ParallelGCFailedAllocation done

Memory protections (0 events):
No events

Nmethod flushes (0 events):
No events

Events (18 events):
Event: 0.112 Thread 0x000001b726acdc90 Thread added: 0x000001b726acdc90
Event: 0.136 Thread 0x000001b726acdc90 Thread added: 0x000001b73a955010
Event: 0.137 Thread 0x000001b726acdc90 Thread added: 0x000001b73a9596d0
Event: 0.160 Thread 0x000001b726acdc90 Thread added: 0x000001b73a95bfb0
Event: 0.160 Thread 0x000001b726acdc90 Thread added: 0x000001b73a95ce30
Event: 0.160 Thread 0x000001b726acdc90 Thread added: 0x000001b73a95dfb0
Event: 0.161 Thread 0x000001b726acdc90 Thread added: 0x000001b73a95ead0
Event: 0.161 Thread 0x000001b726acdc90 Thread added: 0x000001b73fa3f7f0
Event: 0.165 Thread 0x000001b726acdc90 Thread added: 0x000001b73fa98280
Event: 0.173 Thread 0x000001b726acdc90 Thread added: 0x000001b73fab4f30
Event: 0.223 Thread 0x000001b726acdc90 Thread added: 0x000001b726b2e690
Event: 0.534 Thread 0x000001b726acdc90 Thread added: 0x000001b73fd86540
Event: 1.131 Thread 0x000001b726acdc90 Thread added: 0x000001b741860730
Event: 1.260 Thread 0x000001b726acdc90 Thread added: 0x000001b741cd8520
Event: 1.263 Thread 0x000001b726acdc90 Thread added: 0x000001b74185b340
Event: 1.293 Thread 0x000001b74185b340 Thread added: 0x000001b741854f40
Event: 1.402 Thread 0x000001b74185b340 Thread added: 0x000001b741caa050
Event: 1.588 Thread 0x000001b74185b340 Thread added: 0x000001b741cca4a0


Dynamic libraries:
0x00007ff6a0b70000 - 0x00007ff6a0b7e000 	c:\Users\insaa\.windsurf\extensions\redhat.java-1.37.0-win32-x64\jre\17.0.13-win32-x86_64\bin\java.exe
0x00007ffb32730000 - 0x00007ffb32947000 	C:\Windows\SYSTEM32\ntdll.dll
0x00007ffb30c40000 - 0x00007ffb30d04000 	C:\Windows\System32\KERNEL32.DLL
0x00007ffb2fc10000 - 0x00007ffb2ffcc000 	C:\Windows\System32\KERNELBASE.dll
0x00007ffb301e0000 - 0x00007ffb302f1000 	C:\Windows\System32\ucrtbase.dll
0x00007ffb1b2a0000 - 0x00007ffb1b2b7000 	c:\Users\insaa\.windsurf\extensions\redhat.java-1.37.0-win32-x64\jre\17.0.13-win32-x86_64\bin\jli.dll
0x00007ffb17590000 - 0x00007ffb175ae000 	c:\Users\insaa\.windsurf\extensions\redhat.java-1.37.0-win32-x64\jre\17.0.13-win32-x86_64\bin\VCRUNTIME140.dll
0x00007ffb31400000 - 0x00007ffb315ae000 	C:\Windows\System32\USER32.dll
0x00007ffb30300000 - 0x00007ffb30326000 	C:\Windows\System32\win32u.dll
0x00007ffb31610000 - 0x00007ffb31639000 	C:\Windows\System32\GDI32.dll
0x00007ffb185e0000 - 0x00007ffb18872000 	C:\Windows\WinSxS\amd64_microsoft.windows.common-controls_6595b64144ccf1df_6.0.22621.4435_none_270f767f73860d61\COMCTL32.dll
0x00007ffb30330000 - 0x00007ffb3044b000 	C:\Windows\System32\gdi32full.dll
0x00007ffb30dc0000 - 0x00007ffb30e67000 	C:\Windows\System32\msvcrt.dll
0x00007ffb30050000 - 0x00007ffb300ea000 	C:\Windows\System32\msvcp_win.dll
0x00007ffb315d0000 - 0x00007ffb31601000 	C:\Windows\System32\IMM32.DLL
0x00007ffb2bc40000 - 0x00007ffb2bc4c000 	c:\Users\insaa\.windsurf\extensions\redhat.java-1.37.0-win32-x64\jre\17.0.13-win32-x86_64\bin\vcruntime140_1.dll
0x00007ffab6450000 - 0x00007ffab64dd000 	c:\Users\insaa\.windsurf\extensions\redhat.java-1.37.0-win32-x64\jre\17.0.13-win32-x86_64\bin\msvcp140.dll
0x00007ffa970e0000 - 0x00007ffa97d4b000 	c:\Users\insaa\.windsurf\extensions\redhat.java-1.37.0-win32-x64\jre\17.0.13-win32-x86_64\bin\server\jvm.dll
0x00007ffb325b0000 - 0x00007ffb32662000 	C:\Windows\System32\ADVAPI32.dll
0x00007ffb30d10000 - 0x00007ffb30db7000 	C:\Windows\System32\sechost.dll
0x00007ffb300f0000 - 0x00007ffb30118000 	C:\Windows\System32\bcrypt.dll
0x00007ffb30ff0000 - 0x00007ffb31104000 	C:\Windows\System32\RPCRT4.dll
0x00007ffb30f70000 - 0x00007ffb30fe1000 	C:\Windows\System32\WS2_32.dll
0x00007ffb2f900000 - 0x00007ffb2f94d000 	C:\Windows\SYSTEM32\POWRPROF.dll
0x00007ffb2a240000 - 0x00007ffb2a274000 	C:\Windows\SYSTEM32\WINMM.dll
0x00007ffb2a990000 - 0x00007ffb2a99a000 	C:\Windows\SYSTEM32\VERSION.dll
0x00007ffb2f8d0000 - 0x00007ffb2f8e3000 	C:\Windows\SYSTEM32\UMPDC.dll
0x00007ffb2ea20000 - 0x00007ffb2ea38000 	C:\Windows\SYSTEM32\kernel.appcore.dll
0x00007ffb2acc0000 - 0x00007ffb2acca000 	c:\Users\insaa\.windsurf\extensions\redhat.java-1.37.0-win32-x64\jre\17.0.13-win32-x86_64\bin\jimage.dll
0x00007ffb2d2e0000 - 0x00007ffb2d512000 	C:\Windows\SYSTEM32\DBGHELP.DLL
0x00007ffb31640000 - 0x00007ffb319cf000 	C:\Windows\System32\combase.dll
0x00007ffb31280000 - 0x00007ffb31357000 	C:\Windows\System32\OLEAUT32.dll
0x00007ffb1e740000 - 0x00007ffb1e772000 	C:\Windows\SYSTEM32\dbgcore.DLL
0x00007ffb2ffd0000 - 0x00007ffb3004b000 	C:\Windows\System32\bcryptPrimitives.dll
0x00007ffb29550000 - 0x00007ffb2955e000 	c:\Users\insaa\.windsurf\extensions\redhat.java-1.37.0-win32-x64\jre\17.0.13-win32-x86_64\bin\instrument.dll
0x00007ffb07ed0000 - 0x00007ffb07ef5000 	c:\Users\insaa\.windsurf\extensions\redhat.java-1.37.0-win32-x64\jre\17.0.13-win32-x86_64\bin\java.dll
0x00007ffb0a390000 - 0x00007ffb0a3a8000 	c:\Users\insaa\.windsurf\extensions\redhat.java-1.37.0-win32-x64\jre\17.0.13-win32-x86_64\bin\zip.dll
0x00007ffb31cc0000 - 0x00007ffb3253d000 	C:\Windows\System32\SHELL32.dll
0x00007ffb2d910000 - 0x00007ffb2e21e000 	C:\Windows\SYSTEM32\windows.storage.dll
0x00007ffb2d7d0000 - 0x00007ffb2d90f000 	C:\Windows\SYSTEM32\wintypes.dll
0x00007ffb319d0000 - 0x00007ffb31aca000 	C:\Windows\System32\SHCORE.dll
0x00007ffb32690000 - 0x00007ffb326ee000 	C:\Windows\System32\shlwapi.dll
0x00007ffb2f950000 - 0x00007ffb2f97b000 	C:\Windows\SYSTEM32\profapi.dll
0x00007ffb08b10000 - 0x00007ffb08b29000 	C:\Users\insaa\.windsurf\extensions\redhat.java-1.37.0-win32-x64\jre\17.0.13-win32-x86_64\bin\net.dll
0x00007ffb2acf0000 - 0x00007ffb2ae26000 	C:\Windows\SYSTEM32\WINHTTP.dll
0x00007ffb2ee90000 - 0x00007ffb2eef9000 	C:\Windows\system32\mswsock.dll
0x00007ffb02500000 - 0x00007ffb02516000 	C:\Users\insaa\.windsurf\extensions\redhat.java-1.37.0-win32-x64\jre\17.0.13-win32-x86_64\bin\nio.dll
0x00007ffb1e8f0000 - 0x00007ffb1e900000 	c:\Users\insaa\.windsurf\extensions\redhat.java-1.37.0-win32-x64\jre\17.0.13-win32-x86_64\bin\verify.dll
0x00007ffae3db0000 - 0x00007ffae3df5000 	C:\Users\insaa\AppData\Roaming\Windsurf\User\globalStorage\redhat.java\1.37.0\config_ss_win\org.eclipse.equinox.launcher\org.eclipse.equinox.launcher.win32.win32.x86_64_1.2.1100.v20240722-2106\eclipse_11904.dll
0x00007ffb31ad0000 - 0x00007ffb31c70000 	C:\Windows\System32\ole32.dll

dbghelp: loaded successfully - version: 4.0.5 - missing functions: none
symbol engine: initialized successfully - sym options: 0x614 - pdb path: .;c:\Users\insaa\.windsurf\extensions\redhat.java-1.37.0-win32-x64\jre\17.0.13-win32-x86_64\bin;C:\Windows\SYSTEM32;C:\Windows\WinSxS\amd64_microsoft.windows.common-controls_6595b64144ccf1df_6.0.22621.4435_none_270f767f73860d61;c:\Users\insaa\.windsurf\extensions\redhat.java-1.37.0-win32-x64\jre\17.0.13-win32-x86_64\bin\server;C:\Users\insaa\AppData\Roaming\Windsurf\User\globalStorage\redhat.java\1.37.0\config_ss_win\org.eclipse.equinox.launcher\org.eclipse.equinox.launcher.win32.win32.x86_64_1.2.1100.v20240722-2106

VM Arguments:
jvm_args: --add-modules=ALL-SYSTEM --add-opens=java.base/java.util=ALL-UNNAMED --add-opens=java.base/java.lang=ALL-UNNAMED --add-opens=java.base/sun.nio.fs=ALL-UNNAMED -Declipse.application=org.eclipse.jdt.ls.core.id1 -Dosgi.bundles.defaultStartLevel=4 -Declipse.product=org.eclipse.jdt.ls.core.product -Djava.import.generatesMetadataFilesAtProjectRoot=false -DDetectVMInstallationsJob.disabled=true -Dfile.encoding=utf8 -XX:+UseParallelGC -XX:GCTimeRatio=4 -XX:AdaptiveSizePolicyWeight=90 -Dsun.zip.disableMemoryMapping=true -Xmx1G -Xms100m -Xlog:disable -javaagent:c:\Users\insaa\.windsurf\extensions\redhat.java-1.37.0-win32-x64\lombok\lombok-1.18.34.jar 
java_command: c:\Users\insaa\.windsurf\extensions\redhat.java-1.37.0-win32-x64\server\plugins\org.eclipse.equinox.launcher_1.6.900.v20240613-2009.jar -configuration c:\Users\insaa\AppData\Roaming\Windsurf\User\globalStorage\redhat.java\1.37.0\config_ss_win -data c:\Users\insaa\AppData\Roaming\Windsurf\User\workspaceStorage\d5bd91547778f80aa60d2307f0158c4d\redhat.java\ss_ws --pipe=\\.\pipe\lsp-479de87e45153f83ce77280a0296905b-sock
java_class_path (initial): c:\Users\insaa\.windsurf\extensions\redhat.java-1.37.0-win32-x64\server\plugins\org.eclipse.equinox.launcher_1.6.900.v20240613-2009.jar
Launcher Type: SUN_STANDARD

[Global flags]
    uintx AdaptiveSizePolicyWeight                 = 90                                        {product} {command line}
     intx CICompilerCount                          = 4                                         {product} {ergonomic}
    uintx GCTimeRatio                              = 4                                         {product} {command line}
   size_t InitialHeapSize                          = 104857600                                 {product} {command line}
   size_t MaxHeapSize                              = 1073741824                                {product} {command line}
   size_t MaxNewSize                               = 357564416                                 {product} {ergonomic}
   size_t MinHeapDeltaBytes                        = 524288                                    {product} {ergonomic}
   size_t MinHeapSize                              = 104857600                                 {product} {command line}
   size_t NewSize                                  = 34603008                                  {product} {ergonomic}
    uintx NonNMethodCodeHeapSize                   = 5839372                                {pd product} {ergonomic}
    uintx NonProfiledCodeHeapSize                  = 122909434                              {pd product} {ergonomic}
   size_t OldSize                                  = 70254592                                  {product} {ergonomic}
    uintx ProfiledCodeHeapSize                     = 122909434                              {pd product} {ergonomic}
    uintx ReservedCodeCacheSize                    = 251658240                              {pd product} {ergonomic}
     bool SegmentedCodeCache                       = true                                      {product} {ergonomic}
   size_t SoftMaxHeapSize                          = 1073741824                             {manageable} {ergonomic}
     bool UseCompressedClassPointers               = true                           {product lp64_product} {ergonomic}
     bool UseCompressedOops                        = true                           {product lp64_product} {ergonomic}
     bool UseLargePagesIndividualAllocation        = false                                  {pd product} {ergonomic}
     bool UseParallelGC                            = true                                      {product} {command line}

Logging:
Log output configuration:
 #0: stdout all=off uptime,level,tags
 #1: stderr all=off uptime,level,tags

Environment Variables:
JAVA_HOME=C:\Program Files\Java\jdk-17
PATH=C:\Program Files\Common Files\Oracle\Java\javapath;C:\oraclexe\app\oracle\product\11.2.0\server\bin;C:\Windows\system32;C:\Windows;C:\Windows\System32\Wbem;C:\Windows\System32\WindowsPowerShell\v1.0\;C:\Windows\System32\OpenSSH\;C:\Program Files (x86)\NVIDIA Corporation\PhysX\Common;C:\Program Files\NVIDIA Corporation\NVIDIA NvDLISR;C:\MinGW\bin;C:\msys64\ucrt64\bin;C:\Program Files\Git\cmd;C:\Users\insaa\AppData\Local\Programs\Python\Python313\Scripts\;C:\Users\insaa\AppData\Local\Programs\Python\Python313\;C:\Users\insaa\AppData\Local\Programs\Python\Python312\Scripts\;C:\Users\insaa\AppData\Local\Programs\Python\Python312\;C:\Users\insaa\AppData\Local\Programs\Python\Launcher\;C:\Users\insaa\AppData\Local\Microsoft\WindowsApps;C:\Users\insaa\AppData\Local\Programs\Microsoft VS Code\bin;C:\msys64\mingw64\bin;C:\Program Files\JetBrains\IntelliJ IDEA Community Edition 2020.2.1\bin;;C:\msys64\ucrt64\bin;C:\Program Files\Java\jdk-14.0.2\bin;C:\Users\insaa\AppData\Local\Programs\Windsurf\bin
USERNAME=insaa
OS=Windows_NT
PROCESSOR_IDENTIFIER=AMD64 Family 25 Model 80 Stepping 0, AuthenticAMD
TMP=C:\Users\insaa\AppData\Local\Temp
TEMP=C:\Users\insaa\AppData\Local\Temp



Periodic native trim disabled


---------------  S Y S T E M  ---------------

OS:
 Windows 11 , 64 bit Build 22621 (10.0.22621.4435)
OS uptime: 1 days 11:23 hours
Hyper-V role detected

CPU: total 12 (initial active 12) (12 cores per cpu, 2 threads per core) family 25 model 80 stepping 0 microcode 0x0, cx8, cmov, fxsr, ht, mmx, 3dnowpref, sse, sse2, sse3, ssse3, sse4a, sse4.1, sse4.2, popcnt, lzcnt, tsc, tscinvbit, avx, avx2, aes, erms, clmul, bmi1, bmi2, adx, sha, fma, vzeroupper, clflush, clflushopt, hv
Processor Information for all 12 processors :
  Max Mhz: 3301, Current Mhz: 3301, Mhz Limit: 3301

Memory: 4k page, system-wide physical 7581M (207M free)
TotalPageFile size 31133M (AvailPageFile size 223M)
current process WorkingSet (physical memory assigned to process): 112M, peak: 112M
current process commit charge ("private bytes"): 223M, peak: 223M

vm_info: OpenJDK 64-Bit Server VM (17.0.13+11) for windows-amd64 JRE (17.0.13+11), built on Oct 16 2024 00:10:08 by "admin" with MS VC++ 17.7 (VS2022)

END.
